[pretang]::1 [2017-08-25T00:52:17.904Z]GET / 302 -
[pretang]::1 [2017-08-25T00:52:17.953Z]GET /css/mybootstrap.min.css 304 -
[pretang]::1 [2017-08-25T00:52:17.954Z]GET /css/login.css 304 -
[pretang]::1 [2017-08-25T00:52:17.955Z]GET /js/jquery.min.js 304 -
[pretang]::1 [2017-08-25T00:52:17.985Z]GET /css/base.css 200 -
[pretang]::1 [2017-08-25T00:52:18.001Z]GET /login 200 -
[pretang]::1 [2017-08-25T00:52:18.011Z]GET /img/logo.png 304 -
[pretang]::1 [2017-08-25T00:52:18.029Z]GET /js/vue.js 304 -
[pretang]::1 [2017-08-25T00:52:18.030Z]GET /js/md5.js 304 -
[pretang]::1 [2017-08-25T00:52:18.030Z]GET /js/base.js 304 -
[pretang]::1 [2017-08-25T00:52:18.060Z]GET /img/login_banner.png 304 -
[pretang]::1 [2017-08-25T00:52:18.120Z]GET /img/icon.png 304 -
[pretang]::1 [2017-08-25T00:52:59.484Z]GET /login/action 404 -
[pretang]::1 [2017-08-25T00:53:01.997Z]GET /login 304 -
[pretang]::1 [2017-08-25T00:54:06.854Z]POST /login/action - -
[pretang]::1 [2017-08-25T00:58:11.281Z]GET /login 304 -
[pretang]::1 [2017-08-25T00:58:16.469Z]GET /login 304 -
[pretang]::1 [2017-08-25T01:00:32.337Z]GET /login 304 -
[pretang]::1 [2017-08-25T01:04:18.685Z]POST /login/action - -
[pretang]::1 [2017-08-25T01:07:58.668Z]POST /login/action 302 -
[pretang]::1 [2017-08-25T01:07:58.774Z]GET /img/table_logo.png 304 -
[pretang]::1 [2017-08-25T01:07:58.776Z]GET /img/menu-toggler.png 304 -
[pretang]::1 [2017-08-25T01:07:58.803Z]GET /img/defaultFaceimg.png 304 -
[pretang]::1 [2017-08-25T01:07:58.803Z]GET / 200 -
[pretang]::1 [2017-08-25T01:07:58.886Z]GET /js/moment.js 304 -
[pretang]::1 [2017-08-25T01:07:58.892Z]GET /js/daterangepicker.js 304 -
[pretang]::1 [2017-08-25T01:07:58.905Z]GET /module/2 200 -
[pretang]::1 [2017-08-25T01:08:03.521Z]GET /module/3 304 -
[pretang]::1 [2017-08-25T01:21:59.099Z]GET / 304 -
[pretang]::1 [2017-08-25T01:21:59.111Z]GET /css/mybootstrap.min.css 304 -
[pretang]::1 [2017-08-25T01:21:59.112Z]GET /css/base.css 304 -
[pretang]::1 [2017-08-25T01:21:59.113Z]GET /js/jquery.min.js 304 -
[pretang]::1 [2017-08-25T01:21:59.116Z]GET /js/vue.js 304 -
[pretang]::1 [2017-08-25T01:21:59.116Z]GET /js/md5.js 304 -
[pretang]::1 [2017-08-25T01:21:59.117Z]GET /js/base.js 304 -
[pretang]::1 [2017-08-25T01:21:59.135Z]GET /img/icon.png 304 -
[pretang]::1 [2017-08-25T01:21:59.229Z]GET /module/2 304 -
[pretang]::1 [2017-08-25T01:22:01.932Z]GET /module/3 200 -
[pretang]::1 [2017-08-25T01:23:47.425Z]GET / 304 -
[pretang]::1 [2017-08-25T01:23:47.574Z]GET /module/2 304 -
[pretang]::1 [2017-08-25T01:23:57.425Z]GET /module/3 200 -
[pretang]::1 [2017-08-25T01:24:49.935Z]GET / 304 -
[pretang]::1 [2017-08-25T01:24:49.961Z]GET /img/table_logo.png 304 -
[pretang]::1 [2017-08-25T01:24:49.962Z]GET /img/menu-toggler.png 304 -
[pretang]::1 [2017-08-25T01:24:50.029Z]GET /img/defaultFaceimg.png 304 -
[pretang]::1 [2017-08-25T01:24:50.071Z]GET /module/2 304 -
[pretang]::1 [2017-08-25T01:24:50.090Z]GET /js/moment.js 304 -
[pretang]::1 [2017-08-25T01:24:50.092Z]GET /js/daterangepicker.js 304 -
[pretang]::1 [2017-08-25T01:24:50.872Z]GET / 304 -
[pretang]::1 [2017-08-25T01:24:51.022Z]GET /module/2 304 -
[pretang]::1 [2017-08-25T01:24:51.610Z]GET /module/3 200 -
[pretang]::1 [2017-08-25T01:25:28.915Z]GET / 304 -
[pretang]::1 [2017-08-25T01:25:29.036Z]GET /module/2 304 -
[pretang]::1 [2017-08-25T01:25:29.865Z]GET /module/3 200 -
[pretang]::1 [2017-08-25T01:27:19.552Z]GET / 304 -
[pretang]::1 [2017-08-25T01:27:19.685Z]GET /module/2 304 -
[pretang]::1 [2017-08-25T01:27:20.922Z]GET /module/3 304 -
[pretang]::1 [2017-08-25T01:30:01.381Z]GET /js/bootstrap.min.js 200 -
[pretang]::1 [2017-08-25T01:30:01.382Z]GET / 200 -
[pretang]::1 [2017-08-25T01:30:01.519Z]GET /module/2 200 -
[pretang]::1 [2017-08-25T01:30:02.085Z]GET /module/3 200 -
[pretang]::1 [2017-08-25T01:41:11.094Z]GET / 304 -
[pretang]::1 [2017-08-25T01:41:11.123Z]GET /css/mybootstrap.min.css 304 -
[pretang]::1 [2017-08-25T01:41:11.124Z]GET /css/base.css 304 -
[pretang]::1 [2017-08-25T01:41:11.126Z]GET /js/jquery.min.js 304 -
[pretang]::1 [2017-08-25T01:41:11.129Z]GET /js/vue.js 304 -
[pretang]::1 [2017-08-25T01:41:11.130Z]GET /js/md5.js 304 -
[pretang]::1 [2017-08-25T01:41:11.133Z]GET /js/base.js 200 -
[pretang]::1 [2017-08-25T01:41:11.209Z]GET /img/icon.png 304 -
[pretang]::1 [2017-08-25T01:41:11.256Z]GET /module/2 304 -
[pretang]::1 [2017-08-25T01:41:12.122Z]GET /module/3 500 -
[pretang]::1 [2017-08-25T01:41:39.960Z]GET / 304 -
[pretang]::1 [2017-08-25T01:41:39.976Z]GET /img/table_logo.png 304 -
[pretang]::1 [2017-08-25T01:41:39.976Z]GET /img/menu-toggler.png 304 -
[pretang]::1 [2017-08-25T01:41:40.044Z]GET /img/defaultFaceimg.png 304 -
[pretang]::1 [2017-08-25T01:41:40.099Z]GET /module/2 304 -
[pretang]::1 [2017-08-25T01:41:40.117Z]GET /js/moment.js 304 -
[pretang]::1 [2017-08-25T01:41:40.121Z]GET /js/daterangepicker.js 304 -
[pretang]::1 [2017-08-25T01:41:40.905Z]GET /module/3 500 -
[pretang]::1 [2017-08-25T01:42:12.403Z]GET / 304 -
[pretang]::1 [2017-08-25T01:42:12.541Z]GET /module/2 304 -
[pretang]::1 [2017-08-25T01:42:14.607Z]GET /module/3 500 -
[pretang]::1 [2017-08-25T01:42:16.505Z]GET /module/2 304 -
[pretang]::1 [2017-08-25T01:42:17.073Z]GET /module/3 500 -
[pretang]::1 [2017-08-25T01:42:51.234Z]GET / 304 -
[pretang]::1 [2017-08-25T01:42:51.376Z]GET /module/2 304 -
[pretang]::1 [2017-08-25T01:42:52.766Z]GET /module/3 500 -
[pretang]::1 [2017-08-25T01:43:44.404Z]GET / 304 -
[pretang]::1 [2017-08-25T01:43:44.533Z]GET /module/2 304 -
[pretang]::1 [2017-08-25T01:43:45.639Z]GET /module/3 500 -
[pretang]::1 [2017-08-25T01:44:30.780Z]GET / 304 -
[pretang]::1 [2017-08-25T01:44:30.916Z]GET /module/2 304 -
[pretang]::1 [2017-08-25T01:44:31.373Z]GET /module/2 304 -
[pretang]::1 [2017-08-25T01:44:31.930Z]GET /module/3 500 -
[pretang]::1 [2017-08-25T01:45:12.108Z]GET / 304 -
[pretang]::1 [2017-08-25T01:45:12.245Z]GET /module/2 304 -
[pretang]::1 [2017-08-25T01:45:45.712Z]GET / 304 -
[pretang]::1 [2017-08-25T01:45:45.862Z]GET /module/2 304 -
[pretang]::1 [2017-08-25T01:45:48.171Z]GET /module/3 - -
[pretang]::1 [2017-08-25T01:45:48.300Z]GET /module/2 304 -
[pretang]::1 [2017-08-25T01:46:35.520Z]GET / 304 -
[pretang]::1 [2017-08-25T01:46:35.666Z]GET /module/2 304 -
[pretang]::1 [2017-08-25T01:46:36.112Z]GET /module/2 304 -
[pretang]::1 [2017-08-25T01:46:37.035Z]GET /module/3 500 -
[pretang]::1 [2017-08-25T01:47:20.482Z]GET / 304 -
[pretang]::1 [2017-08-25T01:47:20.495Z]GET /js/bootstrap.min.js 304 -
[pretang]::1 [2017-08-25T01:47:20.625Z]GET /module/2 304 -
[pretang]::1 [2017-08-25T01:47:21.701Z]GET /module/3 500 -
[pretang]::1 [2017-08-25T01:48:29.926Z]GET / 304 -
[pretang]::1 [2017-08-25T01:48:30.076Z]GET /module/2 304 -
[pretang]::1 [2017-08-25T01:48:34.581Z]GET /module/3 200 -
[pretang]::1 [2017-08-25T01:49:33.854Z]GET / 304 -
[pretang]::1 [2017-08-25T01:49:34.006Z]GET /module/2 304 -
[pretang]::1 [2017-08-25T01:49:34.548Z]GET /module/2 304 -
[pretang]::1 [2017-08-25T01:49:35.817Z]GET /module/3 500 -
[pretang]::1 [2017-08-25T01:50:51.657Z]GET / 304 -
[pretang]::1 [2017-08-25T01:50:51.808Z]GET /module/2 304 -
[pretang]::1 [2017-08-25T01:50:52.347Z]GET /module/2 304 -
[pretang]::1 [2017-08-25T01:50:53.153Z]GET /module/3 500 -
[pretang]::1 [2017-08-25T01:51:25.896Z]GET / 304 -
[pretang]::1 [2017-08-25T01:51:26.024Z]GET /module/2 304 -
[pretang]::1 [2017-08-25T01:51:26.666Z]GET /module/2 304 -
[pretang]::1 [2017-08-25T01:51:27.149Z]GET /module/3 500 -
[pretang]::1 [2017-08-25T01:51:47.886Z]GET / 304 -
[pretang]::1 [2017-08-25T01:51:48.007Z]GET /module/2 304 -
[pretang]::1 [2017-08-25T01:53:06.659Z]GET / 304 -
[pretang]::1 [2017-08-25T01:53:06.777Z]GET /module/2 304 -
[pretang]::1 [2017-08-25T01:53:07.774Z]GET /module/3 500 -
[pretang]::1 [2017-08-25T01:54:48.447Z]GET / 304 -
[pretang]::1 [2017-08-25T01:54:48.593Z]GET /module/2 304 -
[pretang]::1 [2017-08-25T01:56:49.428Z]GET /module/3 - -
[pretang]::1 [2017-08-25T01:58:45.049Z]GET / 304 -
[pretang]::1 [2017-08-25T01:58:45.066Z]GET /css/mybootstrap.min.css 304 -
[pretang]::1 [2017-08-25T01:58:45.067Z]GET /css/base.css 304 -
[pretang]::1 [2017-08-25T01:58:45.068Z]GET /js/jquery.min.js 304 -
[pretang]::1 [2017-08-25T01:58:45.070Z]GET /js/vue.js 304 -
[pretang]::1 [2017-08-25T01:58:45.070Z]GET /js/md5.js 304 -
[pretang]::1 [2017-08-25T01:58:45.071Z]GET /js/base.js 304 -
[pretang]::1 [2017-08-25T01:58:45.071Z]GET /img/table_logo.png 304 -
[pretang]::1 [2017-08-25T01:58:45.072Z]GET /img/menu-toggler.png 304 -
[pretang]::1 [2017-08-25T01:58:45.146Z]GET /img/icon.png 304 -
[pretang]::1 [2017-08-25T01:58:45.146Z]GET /img/defaultFaceimg.png 304 -
[pretang]::1 [2017-08-25T01:58:45.202Z]GET /module/2 304 -
[pretang]::1 [2017-08-25T01:58:45.214Z]GET /js/moment.js 304 -
[pretang]::1 [2017-08-25T01:58:45.215Z]GET /js/daterangepicker.js 304 -
[pretang]::1 [2017-08-25T01:58:47.422Z]GET /module/3 500 -
[pretang]::1 [2017-08-25T01:59:49.754Z]GET / 304 -
[pretang]::1 [2017-08-25T01:59:49.904Z]GET /module/2 304 -
[pretang]::1 [2017-08-25T01:59:50.984Z]GET /module/3 200 -
[pretang]::1 [2017-08-25T02:00:24.979Z]GET / 304 -
[pretang]::1 [2017-08-25T02:00:25.119Z]GET /module/2 304 -
[pretang]::1 [2017-08-25T02:00:25.659Z]GET /module/2 304 -
[pretang]::1 [2017-08-25T02:00:26.511Z]GET /module/3 500 -
[pretang]::1 [2017-08-25T02:01:31.422Z]GET / 304 -
[pretang]::1 [2017-08-25T02:01:31.566Z]GET /module/2 304 -
[pretang]::1 [2017-08-25T02:01:31.936Z]GET /module/2 304 -
[pretang]::1 [2017-08-25T02:01:32.539Z]GET /module/3 500 -
[pretang]::1 [2017-08-25T02:01:59.429Z]GET / 304 -
[pretang]::1 [2017-08-25T02:01:59.562Z]GET /module/2 304 -
[pretang]::1 [2017-08-25T02:02:00.552Z]GET /module/3 200 -
[pretang]::1 [2017-08-25T02:02:28.707Z]GET / 304 -
[pretang]::1 [2017-08-25T02:02:28.854Z]GET /module/2 304 -
[pretang]::1 [2017-08-25T02:02:29.408Z]GET /module/3 500 -
[pretang]::1 [2017-08-25T02:02:49.952Z]GET / 304 -
[pretang]::1 [2017-08-25T02:02:50.079Z]GET /module/2 304 -
[pretang]::1 [2017-08-25T02:02:50.598Z]GET /module/2 304 -
[pretang]::1 [2017-08-25T02:02:51.318Z]GET /module/3 200 -
[pretang]::1 [2017-08-25T02:04:12.662Z]GET / 304 -
[pretang]::1 [2017-08-25T02:04:12.676Z]GET /js/bootstrap.min.js 304 -
[pretang]::1 [2017-08-25T02:04:12.808Z]GET /module/2 304 -
[pretang]::1 [2017-08-25T02:04:13.395Z]GET /module/3 304 -
[pretang]::1 [2017-08-25T02:08:54.660Z]GET / - -
[pretang]::1 [2017-08-25T02:08:58.984Z]GET /module/2 304 -
[pretang]::1 [2017-08-25T02:09:00.665Z]GET / - -
[pretang]::1 [2017-08-25T02:09:02.071Z]GET / - -
[pretang]::1 [2017-08-25T02:09:03.484Z]GET /module/3 500 -
[pretang]::1 [2017-08-25T02:11:14.303Z]GET /module/2 304 -
[pretang]::1 [2017-08-25T02:11:16.121Z]GET / - -
[pretang]::1 [2017-08-25T02:11:17.737Z]GET /module/3 500 -
[pretang]::ffff:127.0.0.1 [2017-08-25T02:11:46.354Z]GET / - -
[pretang]::1 [2017-08-25T02:11:48.025Z]GET /module/2 304 -
[pretang]::ffff:127.0.0.1 [2017-08-25T02:11:48.688Z]GET / - -
[pretang]::1 [2017-08-25T02:11:50.085Z]GET /module/3 500 -
[pretang]::ffff:127.0.0.1 [2017-08-25T02:12:33.197Z]GET / - -
[pretang]::ffff:127.0.0.1 [2017-08-25T02:12:34.359Z]GET / - -
[pretang]::1 [2017-08-25T02:12:40.082Z]GET /module/2 304 -
[pretang]::1 [2017-08-25T02:12:41.007Z]GET /module/3 500 -
[pretang]::1 [2017-08-25T02:13:06.927Z]GET /module/2 304 -
[pretang]::1 [2017-08-25T02:13:07.603Z]GET / - -
[pretang]::1 [2017-08-25T02:13:08.926Z]GET /module/3 500 -
[pretang]::ffff:127.0.0.1 [2017-08-25T02:13:31.100Z]GET / - -
[pretang]::1 [2017-08-25T02:13:34.861Z]GET /module/2 304 -
[pretang]::1 [2017-08-25T02:13:36.180Z]GET /module/3 200 -
[pretang]::ffff:127.0.0.1 [2017-08-25T02:13:52.394Z]GET / - -
[pretang]::ffff:127.0.0.1 [2017-08-25T02:14:02.197Z]GET / - -
[pretang]::1 [2017-08-25T02:14:04.077Z]GET / - -
[pretang]::1 [2017-08-25T02:14:12.936Z]GET / - -
[pretang]::1 [2017-08-25T02:15:11.479Z]GET / - -
[pretang]::1 [2017-08-25T02:15:11.582Z]GET /css/login.css 304 -
[pretang]::1 [2017-08-25T02:15:11.586Z]GET /img/logo.png 304 -
[pretang]::1 [2017-08-25T02:15:11.624Z]GET /login 200 -
[pretang]::1 [2017-08-25T02:15:11.675Z]GET /img/login_banner.png 304 -
[pretang]::1 [2017-08-25T02:16:05.169Z]POST /login/action - -
[pretang]::1 [2017-08-25T02:16:05.254Z]GET /module/3 500 -
[pretang]::1 [2017-08-25T02:16:05.383Z]GET /module/3 500 -
[pretang]::1 [2017-08-25T02:16:05.453Z]GET /module/3 500 -
[pretang]::1 [2017-08-25T02:16:05.524Z]GET /module/3 500 -
[pretang]::1 [2017-08-25T02:16:05.600Z]GET /module/3 500 -
[pretang]::1 [2017-08-25T02:16:05.675Z]GET /module/3 500 -
[pretang]::1 [2017-08-25T02:16:05.835Z]GET /module/3 500 -
[pretang]::1 [2017-08-25T02:16:10.898Z]GET /module/3 500 -
[pretang]::1 [2017-08-25T02:16:52.072Z]GET /module/3 304 -
[pretang]::1 [2017-08-25T02:16:52.089Z]GET /css/mybootstrap.min.css 304 -
[pretang]::1 [2017-08-25T02:16:52.090Z]GET /js/vue.js 304 -
[pretang]::1 [2017-08-25T02:16:52.090Z]GET /js/base.js 304 -
[pretang]::1 [2017-08-25T02:16:52.090Z]GET /css/base.css 304 -
[pretang]::1 [2017-08-25T02:16:52.091Z]GET /js/md5.js 304 -
[pretang]::1 [2017-08-25T02:16:52.091Z]GET /js/jquery.min.js 304 -
[pretang]::1 [2017-08-25T02:16:52.093Z]GET /js/moment.js 304 -
[pretang]::1 [2017-08-25T02:16:52.093Z]GET /js/daterangepicker.js 304 -
[pretang]::1 [2017-08-25T02:16:52.176Z]GET /img/icon.png 304 -
[pretang]::1 [2017-08-25T02:17:15.477Z]GET /module/3 500 -
[pretang]::1 [2017-08-25T02:17:15.652Z]GET /module/3 500 -
[pretang]::1 [2017-08-25T02:17:20.746Z]GET /module/3 500 -
[pretang]::1 [2017-08-25T02:18:47.982Z]GET /module/3 500 -
[pretang]::1 [2017-08-25T02:19:08.430Z]GET /module/3 200 -
[pretang]::1 [2017-08-25T02:22:50.741Z]GET /module/3 200 -
[pretang]::1 [2017-08-25T02:23:44.661Z]GET /module/3 200 -
[pretang]::1 [2017-08-25T02:24:11.381Z]GET /module/3 200 -
[pretang]::1 [2017-08-25T02:24:22.318Z]GET /module/3 200 -
[pretang]::1 [2017-08-25T02:24:26.972Z]GET /module/3 200 -
[pretang]::1 [2017-08-25T02:26:59.681Z]GET /module/3 200 -
[pretang]::1 [2017-08-25T02:27:34.560Z]GET /module/3 200 -
[pretang]::1 [2017-08-25T02:29:35.544Z]GET /js/bootstrap.min.js 304 -
[pretang]::1 [2017-08-25T02:29:35.580Z]GET /module/3 200 -
[pretang]::1 [2017-08-25T02:32:49.672Z]GET /module/3 200 -
[pretang]::1 [2017-08-25T02:33:28.845Z]GET /module/3 200 -
[pretang]::1 [2017-08-25T02:33:51.679Z]GET /css/mybootstrap.min.css 304 -
[pretang]::1 [2017-08-25T02:33:51.680Z]GET /css/base.css 304 -
[pretang]::1 [2017-08-25T02:33:51.680Z]GET /js/jquery.min.js 304 -
[pretang]::1 [2017-08-25T02:33:51.681Z]GET /js/vue.js 304 -
[pretang]::1 [2017-08-25T02:33:51.681Z]GET /js/md5.js 304 -
[pretang]::1 [2017-08-25T02:33:51.684Z]GET /js/base.js 304 -
[pretang]::1 [2017-08-25T02:33:51.684Z]GET /js/daterangepicker.js 304 -
[pretang]::1 [2017-08-25T02:33:51.685Z]GET /js/moment.js 304 -
[pretang]::1 [2017-08-25T02:33:51.719Z]GET /module/3 200 -
[pretang]::1 [2017-08-25T02:33:51.773Z]GET /img/icon.png 304 -
[pretang]::1 [2017-08-25T02:41:30.013Z]GET /module/3 200 -
[pretang]::1 [2017-08-25T02:41:33.867Z]GET /module/3 304 -
[pretang]::1 [2017-08-25T02:43:30.455Z]GET /module/3 200 -
[pretang]::1 [2017-08-25T02:43:31.716Z]GET /module/3 304 -
[pretang]::1 [2017-08-25T02:44:02.358Z]GET /module/3 200 -
[pretang]::1 [2017-08-25T02:44:36.769Z]GET /module/3 200 -
[pretang]::1 [2017-08-25T02:45:21.893Z]GET /module/3 200 -
[pretang]::1 [2017-08-25T04:29:56.860Z]GET /css/mybootstrap.min.css 304 -
[pretang]::1 [2017-08-25T04:29:56.861Z]GET /js/jquery.min.js 304 -
[pretang]::1 [2017-08-25T04:29:56.861Z]GET /css/base.css 304 -
[pretang]::1 [2017-08-25T04:29:56.862Z]GET /js/bootstrap.min.js 304 -
[pretang]::1 [2017-08-25T04:29:56.862Z]GET /js/vue.js 304 -
[pretang]::1 [2017-08-25T04:29:56.864Z]GET /js/md5.js 304 -
[pretang]::1 [2017-08-25T04:29:56.864Z]GET /js/base.js 304 -
[pretang]::1 [2017-08-25T04:29:56.864Z]GET /js/moment.js 304 -
[pretang]::1 [2017-08-25T04:29:56.866Z]GET /js/daterangepicker.js 304 -
[pretang]::1 [2017-08-25T04:29:56.908Z]GET /module/3 200 -
[pretang]::1 [2017-08-25T04:29:56.958Z]GET /img/icon.png 304 -
[pretang]::1 [2017-08-25T04:30:27.607Z]GET /module/3 200 -
[pretang]::1 [2017-08-25T04:30:37.193Z]GET /module/3 200 -
[pretang]::1 [2017-08-25T04:30:46.284Z]GET /module/3 200 -
[pretang]::1 [2017-08-25T04:31:07.000Z]GET /module/3 200 -
[pretang]::1 [2017-08-25T04:31:28.595Z]GET /module/3 200 -
[pretang]::1 [2017-08-25T04:32:01.554Z]GET /module/3 200 -
[pretang]::1 [2017-08-25T04:32:24.911Z]GET /module/3 200 -
[pretang]::1 [2017-08-25T04:32:59.089Z]GET /module/3 200 -
[pretang]::1 [2017-08-25T04:33:31.332Z]GET /module/3 200 -
[pretang]::1 [2017-08-25T04:34:02.127Z]GET /module/3 200 -
[pretang]::1 [2017-08-25T04:35:10.292Z]GET /module/3 200 -
[pretang]::1 [2017-08-25T04:40:20.756Z]GET /module/3 200 -
[pretang]::1 [2017-08-25T04:44:12.539Z]GET /module/3 200 -
[pretang]::1 [2017-08-25T04:45:13.924Z]GET /module/3 200 -
[pretang]::1 [2017-08-25T04:45:40.232Z]GET /module/3 200 -
[pretang]::1 [2017-08-25T04:47:24.166Z]GET /css/mybootstrap.min.css 304 -
[pretang]::1 [2017-08-25T04:47:24.167Z]GET /css/base.css 304 -
[pretang]::1 [2017-08-25T04:47:24.167Z]GET /js/jquery.min.js 304 -
[pretang]::1 [2017-08-25T04:47:24.167Z]GET /js/bootstrap.min.js 304 -
[pretang]::1 [2017-08-25T04:47:24.168Z]GET /js/vue.js 304 -
[pretang]::1 [2017-08-25T04:47:24.169Z]GET /js/md5.js 304 -
[pretang]::1 [2017-08-25T04:47:24.170Z]GET /js/base.js 304 -
[pretang]::1 [2017-08-25T04:47:24.170Z]GET /js/moment.js 304 -
[pretang]::1 [2017-08-25T04:47:24.172Z]GET /js/daterangepicker.js 304 -
[pretang]::1 [2017-08-25T04:47:24.211Z]GET /module/3 200 -
[pretang]::1 [2017-08-25T04:47:24.263Z]GET /img/icon.png 304 -
[pretang]::1 [2017-08-25T04:48:12.901Z]GET /module/3 200 -
[pretang]::1 [2017-08-25T04:48:34.298Z]GET /module/3 200 -
[pretang]::1 [2017-08-25T04:49:56.112Z]GET /module/3 200 -
[pretang]::1 [2017-08-25T04:51:58.698Z]GET /module/3 200 -
[pretang]::1 [2017-08-25T04:52:14.689Z]GET /module/3 304 -
[pretang]::1 [2017-08-25T04:58:46.551Z]GET /module/3 200 -
[pretang]::1 [2017-08-25T04:59:26.635Z]GET /module/3 200 -
[pretang]::1 [2017-08-25T05:00:24.658Z]GET /module/3 200 -
[pretang]::1 [2017-08-25T05:01:35.266Z]GET /module/3 200 -
[pretang]::1 [2017-08-25T05:01:44.480Z]GET /module/3 200 -
[pretang]::1 [2017-08-25T05:01:59.418Z]GET /module/3 200 -
[pretang]::1 [2017-08-25T05:02:52.210Z]GET /module/3 200 -
[pretang]::1 [2017-08-25T05:03:36.955Z]GET /module/3 200 -
[pretang]::1 [2017-08-25T05:03:38.397Z]GET /module/3 304 -
[pretang]::1 [2017-08-25T05:04:09.014Z]GET /css/mybootstrap.min.css 304 -
[pretang]::1 [2017-08-25T05:04:09.015Z]GET /css/base.css 304 -
[pretang]::1 [2017-08-25T05:04:09.015Z]GET /js/jquery.min.js 304 -
[pretang]::1 [2017-08-25T05:04:09.015Z]GET /js/bootstrap.min.js 304 -
[pretang]::1 [2017-08-25T05:04:09.020Z]GET /js/md5.js 304 -
[pretang]::1 [2017-08-25T05:04:09.021Z]GET /js/base.js 304 -
[pretang]::1 [2017-08-25T05:04:09.021Z]GET /js/moment.js 304 -
[pretang]::1 [2017-08-25T05:04:09.022Z]GET /js/daterangepicker.js 304 -
[pretang]::1 [2017-08-25T05:04:09.024Z]GET /js/vue.js 200 -
[pretang]::1 [2017-08-25T05:04:09.043Z]GET /module/3 200 -
[pretang]::1 [2017-08-25T05:04:09.090Z]GET /img/icon.png 304 -
[pretang]::1 [2017-08-25T05:04:27.974Z]GET /module/3 304 -
[pretang]::1 [2017-08-25T05:04:28.898Z]GET /module/3 304 -
[pretang]::1 [2017-08-25T05:05:00.808Z]GET /module/3 304 -
[pretang]::1 [2017-08-25T05:05:04.045Z]GET /module/3 304 -
[pretang]::1 [2017-08-25T05:05:39.644Z]GET /module/3 200 -
[pretang]::1 [2017-08-25T05:07:28.902Z]GET /module/3 304 -
[pretang]::1 [2017-08-25T05:07:31.197Z]GET /module/3 304 -
[pretang]::1 [2017-08-25T05:08:16.146Z]GET /module/3 304 -
[pretang]::1 [2017-08-25T05:08:29.139Z]GET /module/3 200 -
[pretang]::1 [2017-08-25T05:09:41.327Z]GET /module/3 200 -
[pretang]::1 [2017-08-25T05:10:16.501Z]GET /module/3 304 -
[pretang]::1 [2017-08-25T05:11:03.848Z]GET /module/3 200 -
[pretang]::1 [2017-08-25T05:11:04.796Z]GET /module/3 304 -
[pretang]::1 [2017-08-25T05:11:39.699Z]GET /module/3 200 -
[pretang]::1 [2017-08-25T05:11:40.121Z]GET /module/3 304 -
[pretang]::1 [2017-08-25T05:12:14.636Z]GET /module/3 200 -
[pretang]::1 [2017-08-25T05:12:15.683Z]GET /module/3 304 -
[pretang]::1 [2017-08-25T05:12:16.116Z]GET /module/3 304 -
[pretang]::1 [2017-08-25T05:12:26.523Z]GET /module/3 304 -
[pretang]::1 [2017-08-25T05:12:35.045Z]GET /module/3 304 -
[pretang]::1 [2017-08-25T05:13:24.569Z]GET /module/3 200 -
[pretang]::1 [2017-08-25T05:14:20.561Z]GET /module/3 200 -
[pretang]::1 [2017-08-25T05:15:10.651Z]GET /js/bootstrap.min.js 200 -
[pretang]::1 [2017-08-25T05:15:10.653Z]GET /js/vue.js 200 -
[pretang]::1 [2017-08-25T05:15:10.685Z]GET /module/3 200 -
[pretang]::1 [2017-08-25T05:15:10.702Z]GET /js/md5.js 200 -
[pretang]::1 [2017-08-25T05:15:10.718Z]GET /css/base.css 200 -
[pretang]::1 [2017-08-25T05:15:10.793Z]GET /js/base.js 200 -
[pretang]::1 [2017-08-25T05:15:10.800Z]GET /js/jquery.min.js 200 -
[pretang]::1 [2017-08-25T05:15:10.805Z]GET /css/mybootstrap.min.css 200 -
[pretang]::1 [2017-08-25T05:15:10.820Z]GET /js/daterangepicker.js 200 -
[pretang]::1 [2017-08-25T05:15:10.887Z]GET /js/moment.js 200 -
[pretang]::1 [2017-08-25T05:15:10.928Z]GET /img/icon.png 200 -
[pretang]::1 [2017-08-25T05:15:35.261Z]GET /module/3 200 -
[pretang]::1 [2017-08-25T05:16:10.536Z]GET /module/3 200 -
[pretang]::1 [2017-08-25T05:16:11.782Z]GET /module/3 304 -
[pretang]::1 [2017-08-25T05:16:37.812Z]GET /module/3 200 -
[pretang]::1 [2017-08-25T05:17:04.775Z]GET /module/3 200 -
[pretang]::1 [2017-08-25T05:17:06.785Z]GET /module/3 304 -
[pretang]::1 [2017-08-25T05:17:29.002Z]GET /module/3 200 -
[pretang]::1 [2017-08-25T05:20:38.828Z]GET /module/3 200 -
[pretang]::1 [2017-08-25T05:20:57.334Z]GET /module/3 200 -
[pretang]::1 [2017-08-25T05:21:27.108Z]GET /module/3 200 -
[pretang]::1 [2017-08-25T05:21:48.302Z]GET /module/3 200 -
[pretang]::1 [2017-08-25T05:22:36.206Z]GET /module/3 200 -
[pretang]::1 [2017-08-25T05:24:50.574Z]GET /module/3 200 -
[pretang]::1 [2017-08-25T05:26:23.755Z]GET /module/3 304 -
[pretang]::1 [2017-08-25T05:26:54.227Z]GET /module/3 200 -
[pretang]::1 [2017-08-25T05:27:11.281Z]GET /module/3 304 -
[pretang]::1 [2017-08-25T05:27:12.871Z]GET /module/3 304 -
[pretang]::1 [2017-08-25T05:27:28.251Z]GET /module/3 - -
[pretang]::ffff:127.0.0.1 [2017-08-25T05:27:34.433Z]GET /module/3 200 -
[pretang]::1 [2017-08-25T05:29:33.763Z]GET /module/3 200 -
[pretang]::1 [2017-08-25T05:29:35.089Z]GET /module/3 304 -
[pretang]::1 [2017-08-25T05:29:55.893Z]GET /module/3 200 -
[pretang]::1 [2017-08-25T05:30:15.516Z]GET /module/3 200 -
[pretang]::1 [2017-08-25T05:32:00.394Z]GET /module/3 200 -
[pretang]::1 [2017-08-25T05:32:00.400Z]GET /css/mybootstrap.min.css 304 -
[pretang]::1 [2017-08-25T05:32:00.401Z]GET /css/base.css 304 -
[pretang]::1 [2017-08-25T05:32:00.401Z]GET /js/jquery.min.js 304 -
[pretang]::1 [2017-08-25T05:32:00.402Z]GET /js/bootstrap.min.js 304 -
[pretang]::1 [2017-08-25T05:32:00.402Z]GET /js/vue.js 304 -
[pretang]::1 [2017-08-25T05:32:00.402Z]GET /js/md5.js 304 -
[pretang]::1 [2017-08-25T05:32:00.405Z]GET /js/base.js 304 -
[pretang]::1 [2017-08-25T05:32:00.405Z]GET /js/moment.js 304 -
[pretang]::1 [2017-08-25T05:32:00.407Z]GET /js/daterangepicker.js 304 -
[pretang]::1 [2017-08-25T05:32:00.475Z]GET /img/icon.png 304 -
[pretang]::1 [2017-08-25T05:32:44.231Z]GET /module/3 200 -
[pretang]::1 [2017-08-25T05:33:15.080Z]GET /module/3 200 -
[pretang]::1 [2017-08-25T05:33:44.137Z]GET /module/3 200 -
[pretang]::1 [2017-08-25T05:34:23.405Z]GET /module/3 200 -
[pretang]::1 [2017-08-25T05:34:42.809Z]GET /module/3 304 -
[pretang]::1 [2017-08-25T05:34:52.194Z]GET /module/3 200 -
[pretang]::1 [2017-08-25T05:34:59.840Z]GET /module/3 304 -
[pretang]::1 [2017-08-25T05:35:09.862Z]GET /module/2 304 -
[pretang]::1 [2017-08-25T05:35:18.047Z]GET /module/3 304 -
[pretang]::1 [2017-08-25T05:35:44.501Z]GET /module/3 200 -
[pretang]::1 [2017-08-25T05:35:45.364Z]GET /module/3 304 -
[pretang]::1 [2017-08-25T05:36:51.202Z]GET /module/3 200 -
[pretang]::1 [2017-08-25T05:36:52.048Z]GET /module/3 304 -
[pretang]::1 [2017-08-25T05:38:24.824Z]GET /module/3 200 -
[pretang]::1 [2017-08-25T05:38:42.833Z]GET /module/3 200 -
[pretang]::1 [2017-08-25T05:38:55.987Z]GET /module/3 200 -
[pretang]::1 [2017-08-25T05:42:12.543Z]GET /module/3 - -
[pretang]::1 [2017-08-25T05:42:13.882Z]GET /module/3 200 -
[pretang]::1 [2017-08-25T05:44:40.787Z]GET /module/3 200 -
[pretang]::1 [2017-08-25T05:47:22.539Z]GET /module/3 304 -
[pretang]::1 [2017-08-25T05:48:25.550Z]GET /module/3 304 -
[pretang]::1 [2017-08-25T05:49:49.777Z]GET /js/jquery.min.js 304 -
[pretang]::1 [2017-08-25T05:49:49.778Z]GET /css/mybootstrap.min.css 304 -
[pretang]::1 [2017-08-25T05:49:49.778Z]GET /css/base.css 304 -
[pretang]::1 [2017-08-25T05:49:49.778Z]GET /js/bootstrap.min.js 304 -
[pretang]::1 [2017-08-25T05:49:49.779Z]GET /js/vue.js 304 -
[pretang]::1 [2017-08-25T05:49:49.781Z]GET /js/md5.js 304 -
[pretang]::1 [2017-08-25T05:49:49.783Z]GET /js/moment.js 304 -
[pretang]::1 [2017-08-25T05:49:49.784Z]GET /js/daterangepicker.js 304 -
[pretang]::1 [2017-08-25T05:49:49.785Z]GET /js/base.js 200 -
[pretang]::1 [2017-08-25T05:49:49.806Z]GET /module/3 200 -
[pretang]::1 [2017-08-25T05:49:49.860Z]GET /img/icon.png 304 -
[pretang]::1 [2017-08-25T05:50:43.772Z]GET /module/3 200 -
[pretang]::1 [2017-08-25T05:50:50.832Z]GET /module/3 304 -
[pretang]::1 [2017-08-25T05:51:16.923Z]GET /module/3 200 -
[pretang]::1 [2017-08-25T05:51:38.927Z]GET /module/3 200 -
[pretang]::1 [2017-08-25T05:51:58.002Z]GET /module/3 200 -
[pretang]::1 [2017-08-25T05:52:33.479Z]GET /module/3 200 -
[pretang]::1 [2017-08-25T05:53:05.924Z]GET /module/3 200 -
[pretang]::1 [2017-08-25T05:54:23.533Z]GET /module/3 200 -
[pretang]::1 [2017-08-25T05:55:15.212Z]GET /module/3 200 -
[pretang]::1 [2017-08-25T05:55:40.318Z]GET /module/3 200 -
[pretang]::1 [2017-08-25T05:56:13.957Z]GET /module/3 200 -
[pretang]::1 [2017-08-25T05:56:50.627Z]GET /module/3 200 -
[pretang]::1 [2017-08-25T05:57:29.229Z]GET /module/3 - -
[pretang]::1 [2017-08-25T05:57:30.875Z]GET /module/3 200 -
[pretang]::1 [2017-08-25T05:57:45.464Z]GET /module/3 200 -
[pretang]::1 [2017-08-25T06:01:22.709Z]GET /module/3 200 -
[pretang]::1 [2017-08-25T06:05:13.546Z]GET /module/3 304 -
[pretang]::1 [2017-08-25T06:07:03.691Z]GET /css/mybootstrap.min.css 304 -
[pretang]::1 [2017-08-25T06:07:03.692Z]GET /css/base.css 304 -
[pretang]::1 [2017-08-25T06:07:03.693Z]GET /js/jquery.min.js 304 -
[pretang]::1 [2017-08-25T06:07:03.693Z]GET /js/bootstrap.min.js 304 -
[pretang]::1 [2017-08-25T06:07:03.693Z]GET /js/vue.js 304 -
[pretang]::1 [2017-08-25T06:07:03.695Z]GET /js/md5.js 304 -
[pretang]::1 [2017-08-25T06:07:03.695Z]GET /js/base.js 304 -
[pretang]::1 [2017-08-25T06:07:03.695Z]GET /js/moment.js 304 -
[pretang]::1 [2017-08-25T06:07:03.696Z]GET /js/daterangepicker.js 304 -
[pretang]::1 [2017-08-25T06:07:03.728Z]GET /module/3 200 -
[pretang]::1 [2017-08-25T06:07:03.795Z]GET /img/icon.png 304 -
[pretang]::1 [2017-08-25T06:07:04.983Z]GET /module/3 304 -
[pretang]::1 [2017-08-25T06:08:23.599Z]GET /module/3 200 -
[pretang]::1 [2017-08-25T06:08:24.546Z]GET /module/3 304 -
[pretang]::1 [2017-08-25T06:08:25.028Z]GET /module/3 304 -
[pretang]::1 [2017-08-25T06:08:25.478Z]GET /module/3 304 -
[pretang]::1 [2017-08-25T06:08:26.005Z]GET /module/3 304 -
[pretang]::1 [2017-08-25T06:08:26.578Z]GET /module/3 304 -
[pretang]::1 [2017-08-25T06:08:27.146Z]GET /module/3 304 -
[pretang]::1 [2017-08-25T06:09:18.819Z]GET /module/3 200 -
[pretang]::1 [2017-08-25T06:09:23.561Z]GET /module/3 200 -
[pretang]::1 [2017-08-25T06:09:24.123Z]GET /module/3 200 -
[pretang]::1 [2017-08-25T06:09:24.703Z]GET /module/3 200 -
[pretang]::1 [2017-08-25T06:10:33.766Z]GET /module/1 200 -
[pretang]::1 [2017-08-25T06:10:35.764Z]GET /module/1 304 -
[pretang]::1 [2017-08-25T06:10:36.064Z]GET /module/1 304 -
[pretang]::1 [2017-08-25T06:10:36.232Z]GET /module/1 - -
[pretang]::1 [2017-08-25T06:10:36.420Z]GET /module/1 200 -
[pretang]::1 [2017-08-25T06:10:36.556Z]GET /module/1 304 -
[pretang]::1 [2017-08-25T06:10:36.723Z]GET /module/1 200 -
[pretang]::1 [2017-08-25T06:10:36.876Z]GET /module/1 - -
[pretang]::1 [2017-08-25T06:10:37.057Z]GET /module/1 200 -
[pretang]::1 [2017-08-25T06:10:37.189Z]GET /module/1 304 -
[pretang]::1 [2017-08-25T06:10:37.364Z]GET /module/1 200 -
[pretang]::1 [2017-08-25T06:10:37.501Z]GET /module/1 - -
[pretang]::1 [2017-08-25T06:10:37.662Z]GET /module/1 200 -
[pretang]::1 [2017-08-25T06:10:37.805Z]GET /module/1 304 -
[pretang]::1 [2017-08-25T06:10:37.982Z]GET /module/1 200 -
[pretang]::1 [2017-08-25T06:10:38.232Z]GET /module/1 304 -
[pretang]::1 [2017-08-25T06:10:38.595Z]GET /module/1 304 -
[pretang]::1 [2017-08-25T06:10:38.763Z]GET /module/1 200 -
[pretang]::1 [2017-08-25T06:10:38.924Z]GET /module/1 - -
[pretang]::1 [2017-08-25T06:10:39.097Z]GET /module/1 200 -
[pretang]::1 [2017-08-25T06:10:39.264Z]GET /module/1 304 -
[pretang]::1 [2017-08-25T06:10:39.456Z]GET /module/1 200 -
[pretang]::1 [2017-08-25T06:10:39.627Z]GET /module/1 304 -
[pretang]::1 [2017-08-25T06:10:39.797Z]GET /module/1 200 -
[pretang]::1 [2017-08-25T06:10:39.975Z]GET /module/1 304 -
[pretang]::1 [2017-08-25T06:10:40.777Z]GET /module/1 304 -
[pretang]::1 [2017-08-25T06:10:40.947Z]GET /module/1 304 -
[pretang]::1 [2017-08-25T06:10:41.112Z]GET /module/1 200 -
[pretang]::1 [2017-08-25T06:10:41.299Z]GET /module/1 304 -
[pretang]::1 [2017-08-25T06:10:41.476Z]GET /module/1 200 -
[pretang]::1 [2017-08-25T06:10:41.643Z]GET /module/1 - -
[pretang]::1 [2017-08-25T06:10:41.822Z]GET /module/1 200 -
[pretang]::1 [2017-08-25T06:10:42.044Z]GET /module/1 304 -
[pretang]::1 [2017-08-25T06:10:42.211Z]GET /module/1 200 -
[pretang]::1 [2017-08-25T06:10:42.403Z]GET /module/1 304 -
[pretang]::1 [2017-08-25T06:10:42.589Z]GET /module/1 200 -
[pretang]::1 [2017-08-25T06:10:42.758Z]GET /module/1 304 -
[pretang]::1 [2017-08-25T06:10:42.926Z]GET /module/1 200 -
[pretang]::1 [2017-08-25T06:10:43.092Z]GET /module/1 304 -
[pretang]::1 [2017-08-25T06:10:43.255Z]GET /module/1 200 -
[pretang]::1 [2017-08-25T06:10:43.435Z]GET /module/1 304 -
[pretang]::1 [2017-08-25T06:10:43.610Z]GET /module/1 200 -
[pretang]::1 [2017-08-25T06:10:43.763Z]GET /module/1 304 -
[pretang]::1 [2017-08-25T06:10:43.931Z]GET /module/1 200 -
[pretang]::1 [2017-08-25T06:10:44.115Z]GET /module/1 304 -
[pretang]::1 [2017-08-25T06:10:44.285Z]GET /module/1 200 -
[pretang]::1 [2017-08-25T06:10:44.467Z]GET /module/1 304 -
[pretang]::1 [2017-08-25T06:10:44.647Z]GET /module/1 200 -
[pretang]::1 [2017-08-25T06:10:44.866Z]GET /module/1 304 -
[pretang]::1 [2017-08-25T06:10:45.024Z]GET /module/1 200 -
[pretang]::1 [2017-08-25T06:10:45.262Z]GET /module/1 304 -
[pretang]::1 [2017-08-25T06:10:45.432Z]GET /module/1 200 -
[pretang]::1 [2017-08-25T06:10:45.675Z]GET /module/1 304 -
[pretang]::1 [2017-08-25T06:10:45.835Z]GET /module/1 200 -
[pretang]::1 [2017-08-25T06:10:46.079Z]GET /module/1 304 -
[pretang]::1 [2017-08-25T06:10:46.250Z]GET /module/1 200 -
[pretang]::1 [2017-08-25T06:10:46.469Z]GET /module/1 304 -
[pretang]::1 [2017-08-25T06:10:46.633Z]GET /module/1 200 -
[pretang]::1 [2017-08-25T06:10:46.836Z]GET /module/1 304 -
[pretang]::1 [2017-08-25T06:10:47.006Z]GET /module/1 200 -
[pretang]::1 [2017-08-25T06:10:47.180Z]GET /module/1 304 -
[pretang]::1 [2017-08-25T06:10:47.338Z]GET /module/1 200 -
[pretang]::1 [2017-08-25T06:10:47.516Z]GET /module/1 - -
[pretang]::1 [2017-08-25T06:10:47.685Z]GET /module/1 200 -
[pretang]::1 [2017-08-25T06:10:47.846Z]GET /module/1 304 -
[pretang]::1 [2017-08-25T06:10:48.023Z]GET /module/1 200 -
[pretang]::1 [2017-08-25T06:11:54.501Z]GET /module/3 200 -
[pretang]::1 [2017-08-25T06:12:15.260Z]GET /module/3 200 -
[pretang]::1 [2017-08-25T06:12:15.928Z]GET /module/3 - -
[pretang]::1 [2017-08-25T06:12:16.147Z]GET /module/3 200 -
[pretang]::1 [2017-08-25T06:12:16.276Z]GET /module/3 - -
[pretang]::1 [2017-08-25T06:12:16.452Z]GET /module/3 200 -
[pretang]::1 [2017-08-25T06:12:16.588Z]GET /module/3 - -
[pretang]::1 [2017-08-25T06:12:16.753Z]GET /module/3 200 -
[pretang]::1 [2017-08-25T06:12:16.916Z]GET /module/3 304 -
[pretang]::1 [2017-08-25T06:12:17.097Z]GET /module/3 200 -
[pretang]::1 [2017-08-25T06:12:17.252Z]GET /module/3 304 -
[pretang]::1 [2017-08-25T06:12:17.428Z]GET /module/3 200 -
[pretang]::1 [2017-08-25T06:12:17.564Z]GET /module/3 - -
[pretang]::1 [2017-08-25T06:12:17.733Z]GET /module/3 200 -
[pretang]::1 [2017-08-25T06:12:17.888Z]GET /module/3 304 -
[pretang]::1 [2017-08-25T06:12:18.061Z]GET /module/3 200 -
[pretang]::1 [2017-08-25T06:12:18.181Z]GET /module/3 - -
[pretang]::1 [2017-08-25T06:12:18.367Z]GET /module/3 200 -
[pretang]::1 [2017-08-25T06:12:18.535Z]GET /module/3 304 -
[pretang]::1 [2017-08-25T06:12:18.811Z]GET /module/3 304 -
[pretang]::1 [2017-08-25T06:12:18.983Z]GET /module/3 200 -
[pretang]::1 [2017-08-25T06:12:19.091Z]GET /module/3 - -
[pretang]::1 [2017-08-25T06:12:19.259Z]GET /module/3 200 -
[pretang]::1 [2017-08-25T06:12:19.372Z]GET /module/3 - -
[pretang]::1 [2017-08-25T06:12:19.548Z]GET /module/3 200 -
[pretang]::1 [2017-08-25T06:12:19.653Z]GET /module/3 304 -
[pretang]::1 [2017-08-25T06:12:19.816Z]GET /module/3 200 -
[pretang]::1 [2017-08-25T06:12:19.940Z]GET /module/3 - -
[pretang]::1 [2017-08-25T06:12:20.092Z]GET /module/3 200 -
[pretang]::1 [2017-08-25T06:12:20.220Z]GET /module/3 - -
[pretang]::1 [2017-08-25T06:12:20.375Z]GET /module/3 200 -
[pretang]::1 [2017-08-25T06:12:20.507Z]GET /module/3 - -
[pretang]::1 [2017-08-25T06:12:20.675Z]GET /module/3 200 -
[pretang]::1 [2017-08-25T06:12:20.781Z]GET /module/3 - -
[pretang]::1 [2017-08-25T06:12:20.939Z]GET /module/3 200 -
[pretang]::1 [2017-08-25T06:12:21.052Z]GET /module/3 - -
[pretang]::1 [2017-08-25T06:12:21.220Z]GET /module/3 200 -
[pretang]::1 [2017-08-25T06:12:21.352Z]GET /module/3 - -
[pretang]::1 [2017-08-25T06:12:21.470Z]GET /module/3 200 -
[pretang]::1 [2017-08-25T06:12:21.621Z]GET /module/3 200 -
[pretang]::1 [2017-08-25T06:12:21.747Z]GET /module/3 - -
[pretang]::1 [2017-08-25T06:12:21.913Z]GET /module/3 200 -
[pretang]::1 [2017-08-25T06:12:22.050Z]GET /module/3 - -
[pretang]::1 [2017-08-25T06:12:22.225Z]GET /module/3 200 -
[pretang]::1 [2017-08-25T06:12:22.332Z]GET /module/3 - -
[pretang]::1 [2017-08-25T06:12:22.501Z]GET /module/3 200 -
[pretang]::1 [2017-08-25T06:12:22.619Z]GET /module/3 - -
[pretang]::1 [2017-08-25T06:12:22.790Z]GET /module/3 200 -
[pretang]::1 [2017-08-25T06:12:22.929Z]GET /module/3 - -
[pretang]::1 [2017-08-25T06:12:23.080Z]GET /module/3 200 -
[pretang]::1 [2017-08-25T06:12:23.205Z]GET /module/3 - -
[pretang]::1 [2017-08-25T06:12:23.362Z]GET /module/3 200 -
[pretang]::1 [2017-08-25T06:12:23.492Z]GET /module/3 - -
[pretang]::1 [2017-08-25T06:12:23.671Z]GET /module/3 200 -
[pretang]::1 [2017-08-25T06:12:23.791Z]GET /module/3 - -
[pretang]::1 [2017-08-25T06:12:23.942Z]GET /module/3 200 -
[pretang]::1 [2017-08-25T06:12:24.085Z]GET /module/3 - -
[pretang]::1 [2017-08-25T06:12:24.287Z]GET /module/3 200 -
[pretang]::1 [2017-08-25T06:12:24.449Z]GET /module/3 304 -
[pretang]::1 [2017-08-25T06:12:58.811Z]GET /module/3 200 -
[pretang]::1 [2017-08-25T06:13:09.069Z]GET /module/3 200 -
[pretang]::1 [2017-08-25T06:14:13.918Z]GET /module/3 200 -
[pretang]::1 [2017-08-25T06:14:15.965Z]GET /module/3 304 -
[pretang]::1 [2017-08-25T06:14:17.493Z]GET /module/3 304 -
[pretang]::1 [2017-08-25T06:14:29.557Z]GET /module/3 200 -
[pretang]::1 [2017-08-25T06:16:36.554Z]GET /module/3 200 -
[pretang]::1 [2017-08-25T06:16:43.594Z]GET /module/3 200 -
[pretang]::1 [2017-08-25T06:16:47.289Z]GET /module/3 200 -
[pretang]::1 [2017-08-25T06:17:09.067Z]GET /module/3 200 -
[pretang]::1 [2017-08-25T06:22:25.207Z]GET /module/3 200 -
[pretang]::1 [2017-08-25T06:22:35.192Z]GET /module/3 304 -
[pretang]::1 [2017-08-25T06:22:41.247Z]GET /module/3 200 -
[pretang]::1 [2017-08-25T06:22:41.987Z]GET /module/3 304 -
[pretang]::1 [2017-08-25T06:22:42.550Z]GET /module/3 304 -
[pretang]::1 [2017-08-25T06:22:43.164Z]GET /module/3 304 -
[pretang]::1 [2017-08-25T06:22:43.737Z]GET /module/3 304 -
[pretang]::1 [2017-08-25T06:22:44.164Z]GET /module/3 304 -
[pretang]::1 [2017-08-25T06:22:44.584Z]GET /module/3 304 -
[pretang]::1 [2017-08-25T06:22:45.150Z]GET /module/3 304 -
[pretang]::1 [2017-08-25T06:22:45.680Z]GET /module/3 304 -
[pretang]::1 [2017-08-25T06:22:46.275Z]GET /module/3 304 -
[pretang]::1 [2017-08-25T06:22:46.844Z]GET /module/3 304 -
[pretang]::1 [2017-08-25T06:22:47.287Z]GET /module/3 304 -
[pretang]::1 [2017-08-25T06:22:47.726Z]GET /module/3 304 -
[pretang]::1 [2017-08-25T06:22:48.182Z]GET /module/3 304 -
[pretang]::1 [2017-08-25T06:22:48.647Z]GET /module/3 304 -
[pretang]::1 [2017-08-25T06:22:49.320Z]GET /module/3 304 -
[pretang]::1 [2017-08-25T06:22:49.980Z]GET /module/3 304 -
[pretang]::1 [2017-08-25T06:22:50.474Z]GET /module/3 304 -
[pretang]::1 [2017-08-25T06:22:51.049Z]GET /module/3 304 -
[pretang]::1 [2017-08-25T06:22:51.574Z]GET /module/3 304 -
[pretang]::1 [2017-08-25T06:22:54.218Z]GET /module/3 200 -
[pretang]::1 [2017-08-25T06:23:59.092Z]GET /css/mybootstrap.min.css 304 -
[pretang]::1 [2017-08-25T06:23:59.093Z]GET /css/base.css 304 -
[pretang]::1 [2017-08-25T06:23:59.094Z]GET /js/jquery.min.js 304 -
[pretang]::1 [2017-08-25T06:23:59.094Z]GET /js/bootstrap.min.js 304 -
[pretang]::1 [2017-08-25T06:23:59.094Z]GET /js/vue.js 304 -
[pretang]::1 [2017-08-25T06:23:59.096Z]GET /js/base.js 304 -
[pretang]::1 [2017-08-25T06:23:59.096Z]GET /js/md5.js 304 -
[pretang]::1 [2017-08-25T06:23:59.096Z]GET /js/moment.js 304 -
[pretang]::1 [2017-08-25T06:23:59.096Z]GET /js/daterangepicker.js 304 -
[pretang]::1 [2017-08-25T06:23:59.140Z]GET /module/3 200 -
[pretang]::1 [2017-08-25T06:23:59.183Z]GET /img/icon.png 304 -
[pretang]::1 [2017-08-25T06:24:00.698Z]GET /module/3 304 -
[pretang]::1 [2017-08-25T06:24:05.897Z]GET /module/3 304 -
[pretang]::1 [2017-08-25T06:24:06.305Z]GET /module/3 304 -
[pretang]::1 [2017-08-25T06:24:06.721Z]GET /module/3 304 -
[pretang]::1 [2017-08-25T06:24:07.092Z]GET /module/3 304 -
[pretang]::1 [2017-08-25T06:24:07.479Z]GET /module/3 304 -
[pretang]::1 [2017-08-25T06:24:07.829Z]GET /module/3 304 -
[pretang]::1 [2017-08-25T06:24:08.193Z]GET /module/3 304 -
[pretang]::1 [2017-08-25T06:24:08.652Z]GET /module/3 304 -
[pretang]::1 [2017-08-25T06:24:09.409Z]GET /module/3 304 -
[pretang]::1 [2017-08-25T06:24:09.812Z]GET /module/3 304 -
[pretang]::1 [2017-08-25T06:24:10.181Z]GET /module/3 304 -
[pretang]::1 [2017-08-25T06:24:10.546Z]GET /module/3 304 -
[pretang]::1 [2017-08-25T06:24:10.897Z]GET /module/3 304 -
[pretang]::1 [2017-08-25T06:24:11.382Z]GET /module/3 304 -
[pretang]::1 [2017-08-25T06:24:11.755Z]GET /module/3 304 -
[pretang]::1 [2017-08-25T06:24:12.249Z]GET /module/3 304 -
[pretang]::1 [2017-08-25T06:24:12.596Z]GET /module/3 304 -
[pretang]::1 [2017-08-25T06:24:12.947Z]GET /module/3 304 -
[pretang]::1 [2017-08-25T06:24:13.287Z]GET /module/3 304 -
[pretang]::1 [2017-08-25T06:24:13.659Z]GET /module/3 304 -
[pretang]::1 [2017-08-25T06:24:14.169Z]GET /module/3 304 -
[pretang]::1 [2017-08-25T06:24:14.525Z]GET /module/3 304 -
[pretang]::1 [2017-08-25T06:24:14.891Z]GET /module/3 304 -
[pretang]::1 [2017-08-25T06:24:15.353Z]GET /module/3 304 -
[pretang]::1 [2017-08-25T06:24:16.073Z]GET /module/3 304 -
[pretang]::1 [2017-08-25T06:24:16.498Z]GET /module/3 304 -
[pretang]::1 [2017-08-25T06:24:17.112Z]GET /module/3 304 -
[pretang]::1 [2017-08-25T06:24:17.487Z]GET /module/3 304 -
[pretang]::1 [2017-08-25T06:24:17.865Z]GET /module/3 304 -
[pretang]::1 [2017-08-25T06:24:18.233Z]GET /module/3 304 -
[pretang]::1 [2017-08-25T06:24:18.601Z]GET /module/3 304 -
[pretang]::1 [2017-08-25T06:24:19.087Z]GET /module/3 304 -
[pretang]::1 [2017-08-25T06:24:19.452Z]GET /module/3 304 -
[pretang]::1 [2017-08-25T06:24:19.943Z]GET /module/3 304 -
[pretang]::1 [2017-08-25T06:24:20.288Z]GET /module/3 304 -
[pretang]::1 [2017-08-25T06:24:20.765Z]GET /module/3 304 -
[pretang]::1 [2017-08-25T06:24:21.126Z]GET /module/3 304 -
[pretang]::1 [2017-08-25T06:24:21.571Z]GET /module/3 304 -
[pretang]::1 [2017-08-25T06:24:22.969Z]GET /module/3 304 -
[pretang]::1 [2017-08-25T06:24:23.472Z]GET /module/3 304 -
[pretang]::1 [2017-08-25T06:24:23.847Z]GET /module/3 304 -
[pretang]::1 [2017-08-25T06:24:24.208Z]GET /module/3 304 -
[pretang]::1 [2017-08-25T06:24:24.571Z]GET /module/3 304 -
[pretang]::1 [2017-08-25T06:24:24.929Z]GET /module/3 304 -
[pretang]::1 [2017-08-25T06:24:25.286Z]GET /module/3 304 -
[pretang]::1 [2017-08-25T06:24:25.658Z]GET /module/3 304 -
[pretang]::1 [2017-08-25T06:24:26.002Z]GET /module/3 304 -
[pretang]::1 [2017-08-25T06:24:26.342Z]GET /module/3 304 -
[pretang]::1 [2017-08-25T06:24:41.522Z]GET /module/3 200 -
[pretang]::1 [2017-08-25T06:24:43.450Z]GET /module/3 304 -
[pretang]::1 [2017-08-25T06:24:44.212Z]GET /module/3 304 -
[pretang]::1 [2017-08-25T06:24:44.981Z]GET /module/3 304 -
[pretang]::1 [2017-08-25T06:24:45.404Z]GET /module/3 304 -
[pretang]::1 [2017-08-25T06:24:46.338Z]GET /module/3 304 -
[pretang]::1 [2017-08-25T06:24:46.717Z]GET /module/3 304 -
[pretang]::1 [2017-08-25T06:24:47.089Z]GET /module/3 304 -
[pretang]::1 [2017-08-25T06:24:47.896Z]GET /module/3 304 -
[pretang]::1 [2017-08-25T06:24:48.081Z]GET /module/3 200 -
[pretang]::1 [2017-08-25T06:24:48.196Z]GET /module/3 - -
[pretang]::1 [2017-08-25T06:24:48.392Z]GET /module/3 200 -
[pretang]::1 [2017-08-25T06:24:48.878Z]GET /module/3 304 -
[pretang]::1 [2017-08-25T06:24:49.075Z]GET /module/3 200 -
[pretang]::1 [2017-08-25T06:24:49.173Z]GET /module/3 - -
[pretang]::1 [2017-08-25T06:24:49.356Z]GET /module/3 200 -
[pretang]::1 [2017-08-25T06:24:49.461Z]GET /module/3 - -
[pretang]::1 [2017-08-25T06:24:49.603Z]GET /module/3 200 -
[pretang]::1 [2017-08-25T06:24:49.710Z]GET /module/3 - -
[pretang]::1 [2017-08-25T06:24:49.878Z]GET /module/3 200 -
[pretang]::1 [2017-08-25T06:24:49.998Z]GET /module/3 - -
[pretang]::1 [2017-08-25T06:24:50.165Z]GET /module/3 200 -
[pretang]::1 [2017-08-25T06:24:50.294Z]GET /module/3 - -
[pretang]::1 [2017-08-25T06:24:50.475Z]GET /module/3 200 -
[pretang]::1 [2017-08-25T06:24:50.725Z]GET /module/3 304 -
[pretang]::1 [2017-08-25T06:24:51.513Z]GET /module/3 304 -
[pretang]::1 [2017-08-25T06:24:53.797Z]GET /module/3 304 -
[pretang]::1 [2017-08-25T06:24:57.536Z]GET /module/3 304 -
[pretang]::1 [2017-08-25T06:24:57.742Z]GET /module/3 - -
[pretang]::1 [2017-08-25T06:24:57.927Z]GET /module/3 200 -
[pretang]::1 [2017-08-25T06:24:58.173Z]GET /module/3 304 -
[pretang]::1 [2017-08-25T06:24:58.766Z]GET /module/3 304 -
[pretang]::1 [2017-08-25T06:24:59.100Z]GET /module/3 304 -
[pretang]::1 [2017-08-25T06:24:59.289Z]GET /module/3 200 -
[pretang]::1 [2017-08-25T06:24:59.508Z]GET /module/3 304 -
[pretang]::1 [2017-08-25T06:24:59.729Z]GET /module/3 - -
[pretang]::1 [2017-08-25T06:24:59.927Z]GET /module/3 200 -
[pretang]::1 [2017-08-25T06:25:00.188Z]GET /module/3 304 -
[pretang]::1 [2017-08-25T06:25:00.381Z]GET /module/3 200 -
[pretang]::1 [2017-08-25T06:25:00.527Z]GET /module/3 - -
[pretang]::1 [2017-08-25T06:25:00.709Z]GET /module/3 200 -
[pretang]::1 [2017-08-25T06:25:00.847Z]GET /module/3 - -
[pretang]::1 [2017-08-25T06:25:01.098Z]GET /module/3 200 -
[pretang]::1 [2017-08-25T06:25:01.149Z]GET /module/3 - -
[pretang]::1 [2017-08-25T06:25:01.322Z]GET /module/3 200 -
[pretang]::1 [2017-08-25T06:25:01.506Z]GET /module/3 304 -
[pretang]::1 [2017-08-25T06:25:01.686Z]GET /module/3 200 -
[pretang]::1 [2017-08-25T06:25:14.521Z]GET /module/3 200 -
[pretang]::1 [2017-08-25T06:25:15.416Z]GET /module/3 304 -
[pretang]::1 [2017-08-25T06:25:15.625Z]GET /module/3 200 -
[pretang]::1 [2017-08-25T06:25:15.749Z]GET /module/3 - -
[pretang]::1 [2017-08-25T06:25:15.933Z]GET /module/3 200 -
[pretang]::1 [2017-08-25T06:25:16.045Z]GET /module/3 - -
[pretang]::1 [2017-08-25T06:25:16.233Z]GET /module/3 200 -
[pretang]::1 [2017-08-25T06:25:16.365Z]GET /module/3 - -
[pretang]::1 [2017-08-25T06:25:16.536Z]GET /module/3 200 -
[pretang]::1 [2017-08-25T06:25:16.720Z]GET /module/3 304 -
[pretang]::1 [2017-08-25T06:25:16.917Z]GET /module/3 200 -
[pretang]::1 [2017-08-25T06:25:17.025Z]GET /module/3 - -
[pretang]::1 [2017-08-25T06:25:17.205Z]GET /module/3 200 -
[pretang]::1 [2017-08-25T06:25:17.319Z]GET /module/3 - -
[pretang]::1 [2017-08-25T06:25:17.518Z]GET /module/3 200 -
[pretang]::1 [2017-08-25T06:25:17.613Z]GET /module/3 - -
[pretang]::1 [2017-08-25T06:25:17.796Z]GET /module/3 200 -
[pretang]::1 [2017-08-25T06:25:17.916Z]GET /module/3 - -
[pretang]::1 [2017-08-25T06:25:18.110Z]GET /module/3 200 -
[pretang]::1 [2017-08-25T06:25:18.229Z]GET /module/3 - -
[pretang]::1 [2017-08-25T06:25:18.425Z]GET /module/3 200 -
[pretang]::1 [2017-08-25T06:25:18.626Z]GET /module/3 304 -
[pretang]::1 [2017-08-25T06:25:18.837Z]GET /module/3 200 -
[pretang]::1 [2017-08-25T06:25:18.988Z]GET /module/3 - -
[pretang]::1 [2017-08-25T06:25:19.192Z]GET /module/3 200 -
[pretang]::1 [2017-08-25T06:25:19.386Z]GET /module/3 304 -
[pretang]::1 [2017-08-25T06:25:19.583Z]GET /module/3 200 -
[pretang]::1 [2017-08-25T06:25:19.741Z]GET /module/3 - -
[pretang]::1 [2017-08-25T06:25:19.932Z]GET /module/3 200 -
[pretang]::1 [2017-08-25T06:25:22.718Z]GET /module/3 304 -
[pretang]::1 [2017-08-25T06:25:22.853Z]GET /module/3 - -
[pretang]::1 [2017-08-25T06:25:23.051Z]GET /module/3 200 -
[pretang]::1 [2017-08-25T06:25:23.198Z]GET /module/3 304 -
[pretang]::1 [2017-08-25T06:25:23.405Z]GET /module/3 200 -
[pretang]::1 [2017-08-25T06:25:23.637Z]GET /module/3 304 -
[pretang]::1 [2017-08-25T06:25:23.817Z]GET /module/3 200 -
[pretang]::1 [2017-08-25T06:25:24.148Z]GET /module/3 304 -
[pretang]::1 [2017-08-25T06:25:24.615Z]GET /module/3 304 -
[pretang]::1 [2017-08-25T06:25:25.401Z]GET /module/3 304 -
[pretang]::1 [2017-08-25T06:25:25.825Z]GET /module/3 304 -
[pretang]::1 [2017-08-25T06:25:26.085Z]GET /module/3 - -
[pretang]::1 [2017-08-25T06:25:26.284Z]GET /module/3 200 -
[pretang]::1 [2017-08-25T06:25:26.492Z]GET /module/3 - -
[pretang]::1 [2017-08-25T06:25:26.695Z]GET /module/3 200 -
[pretang]::1 [2017-08-25T06:25:26.855Z]GET /module/3 - -
[pretang]::1 [2017-08-25T06:25:27.050Z]GET /module/3 200 -
[pretang]::1 [2017-08-25T06:25:27.242Z]GET /module/3 304 -
[pretang]::1 [2017-08-25T06:25:27.463Z]GET /module/3 200 -
[pretang]::1 [2017-08-25T06:25:27.694Z]GET /module/3 304 -
[pretang]::1 [2017-08-25T06:25:27.891Z]GET /module/3 200 -
[pretang]::1 [2017-08-25T06:25:28.069Z]GET /module/3 304 -
[pretang]::1 [2017-08-25T06:25:28.256Z]GET /module/3 200 -
[pretang]::1 [2017-08-25T06:25:28.421Z]GET /module/3 304 -
[pretang]::1 [2017-08-25T06:25:28.612Z]GET /module/3 200 -
[pretang]::1 [2017-08-25T06:25:28.846Z]GET /module/3 304 -
[pretang]::1 [2017-08-25T06:25:35.142Z]GET /module/3 200 -
[pretang]::1 [2017-08-25T06:25:35.788Z]GET /module/3 304 -
[pretang]::1 [2017-08-25T06:25:36.007Z]GET /module/3 200 -
[pretang]::1 [2017-08-25T06:25:36.133Z]GET /module/3 - -
[pretang]::1 [2017-08-25T06:25:36.285Z]GET /module/3 200 -
[pretang]::1 [2017-08-25T06:25:36.477Z]GET /module/3 200 -
[pretang]::1 [2017-08-25T06:25:36.613Z]GET /module/3 - -
[pretang]::1 [2017-08-25T06:25:36.827Z]GET /module/3 200 -
[pretang]::1 [2017-08-25T06:25:36.917Z]GET /module/3 - -
[pretang]::1 [2017-08-25T06:25:37.063Z]GET /module/3 200 -
[pretang]::1 [2017-08-25T06:25:37.272Z]GET /module/3 200 -
[pretang]::1 [2017-08-25T06:25:37.364Z]GET /module/3 - -
[pretang]::1 [2017-08-25T06:25:37.569Z]GET /module/3 200 -
[pretang]::1 [2017-08-25T06:25:37.653Z]GET /module/3 - -
[pretang]::1 [2017-08-25T06:25:37.859Z]GET /module/3 200 -
[pretang]::1 [2017-08-25T06:25:37.967Z]GET /module/3 - -
[pretang]::1 [2017-08-25T06:25:38.172Z]GET /module/3 200 -
[pretang]::1 [2017-08-25T06:25:38.294Z]GET /module/3 - -
[pretang]::1 [2017-08-25T06:25:38.511Z]GET /module/3 200 -
[pretang]::1 [2017-08-25T06:25:38.637Z]GET /module/3 - -
[pretang]::1 [2017-08-25T06:25:38.837Z]GET /module/3 200 -
[pretang]::1 [2017-08-25T06:25:38.965Z]GET /module/3 - -
[pretang]::1 [2017-08-25T06:25:39.168Z]GET /module/3 200 -
[pretang]::1 [2017-08-25T06:25:39.269Z]GET /module/3 - -
[pretang]::1 [2017-08-25T06:25:39.465Z]GET /module/3 200 -
[pretang]::1 [2017-08-25T06:25:39.575Z]GET /module/3 - -
[pretang]::1 [2017-08-25T06:25:39.769Z]GET /module/3 200 -
[pretang]::1 [2017-08-25T06:25:39.896Z]GET /module/3 - -
[pretang]::1 [2017-08-25T06:25:40.087Z]GET /module/3 200 -
[pretang]::1 [2017-08-25T06:25:40.330Z]GET /module/3 304 -
[pretang]::1 [2017-08-25T06:25:41.245Z]GET /module/3 304 -
[pretang]::1 [2017-08-25T06:25:41.403Z]GET /module/3 200 -
[pretang]::1 [2017-08-25T06:25:41.517Z]GET /module/3 - -
[pretang]::1 [2017-08-25T06:25:41.629Z]GET /module/3 - -
[pretang]::1 [2017-08-25T06:25:41.779Z]GET /module/3 200 -
[pretang]::1 [2017-08-25T06:25:41.990Z]GET /module/3 200 -
[pretang]::1 [2017-08-25T06:25:42.184Z]GET /module/3 - -
[pretang]::1 [2017-08-25T06:25:42.294Z]GET /module/3 - -
[pretang]::1 [2017-08-25T06:25:42.415Z]GET /module/3 - -
[pretang]::1 [2017-08-25T06:25:42.608Z]GET /module/3 200 -
[pretang]::1 [2017-08-25T06:25:42.709Z]GET /module/3 - -
[pretang]::1 [2017-08-25T06:25:42.891Z]GET /module/3 200 -
[pretang]::1 [2017-08-25T06:25:43.102Z]GET /module/3 - -
[pretang]::1 [2017-08-25T06:25:43.287Z]GET /module/3 200 -
[pretang]::1 [2017-08-25T06:25:44.866Z]GET /module/3 304 -
[pretang]::1 [2017-08-25T06:25:45.081Z]GET /module/3 200 -
[pretang]::1 [2017-08-25T06:25:45.181Z]GET /module/3 - -
[pretang]::1 [2017-08-25T06:25:45.334Z]GET /module/3 200 -
[pretang]::1 [2017-08-25T06:25:45.551Z]GET /module/3 200 -
[pretang]::1 [2017-08-25T06:25:45.681Z]GET /module/3 - -
[pretang]::1 [2017-08-25T06:25:45.869Z]GET /module/3 200 -
[pretang]::1 [2017-08-25T06:25:47.049Z]GET /module/3 304 -
[pretang]::1 [2017-08-25T06:26:06.356Z]GET /module/3 200 -
[pretang]::1 [2017-08-25T06:26:07.000Z]GET /module/3 304 -
[pretang]::1 [2017-08-25T06:26:07.198Z]GET /module/3 304 -
[pretang]::1 [2017-08-25T06:26:07.420Z]GET /module/3 200 -
[pretang]::1 [2017-08-25T06:26:07.558Z]GET /module/3 - -
[pretang]::1 [2017-08-25T06:32:06.199Z]GET /module/3 200 -
[pretang]::1 [2017-08-25T06:32:08.043Z]GET /module/3 304 -
[pretang]::1 [2017-08-25T06:32:08.583Z]GET /module/3 304 -
[pretang]::1 [2017-08-25T06:32:09.090Z]GET /module/3 304 -
[pretang]::1 [2017-08-25T06:32:10.016Z]GET /module/3 - -
[pretang]::1 [2017-08-25T06:32:10.168Z]GET /module/3 - -
[pretang]::1 [2017-08-25T06:32:10.312Z]GET /module/3 200 -
[pretang]::1 [2017-08-25T06:32:10.503Z]GET /module/3 200 -
[pretang]::1 [2017-08-25T06:32:10.628Z]GET /module/3 - -
[pretang]::1 [2017-08-25T06:32:10.845Z]GET /module/3 200 -
[pretang]::1 [2017-08-25T06:32:10.953Z]GET /module/3 - -
[pretang]::1 [2017-08-25T06:32:11.166Z]GET /module/3 200 -
[pretang]::1 [2017-08-25T06:32:11.253Z]GET /module/3 - -
[pretang]::1 [2017-08-25T06:32:11.446Z]GET /module/3 200 -
[pretang]::1 [2017-08-25T06:32:11.556Z]GET /module/3 - -
[pretang]::1 [2017-08-25T06:32:11.696Z]GET /module/3 200 -
[pretang]::1 [2017-08-25T06:32:11.900Z]GET /module/3 200 -
[pretang]::1 [2017-08-25T06:35:39.093Z]GET /module/3 200 -
[pretang]::1 [2017-08-25T06:37:29.773Z]GET /module/3 200 -
[pretang]::1 [2017-08-25T06:37:42.815Z]GET /module/3 200 -
[pretang]::1 [2017-08-25T06:38:00.410Z]GET /module/3 200 -
[pretang]::1 [2017-08-25T06:38:13.468Z]GET /module/3 200 -
[pretang]::1 [2017-08-25T06:38:35.069Z]GET /module/3 200 -
[pretang]::1 [2017-08-25T06:38:45.778Z]GET /module/3 304 -
[pretang]::1 [2017-08-25T06:46:33.245Z]GET /css/mybootstrap.min.css 304 -
[pretang]::1 [2017-08-25T06:46:33.246Z]GET /css/base.css 304 -
[pretang]::1 [2017-08-25T06:46:33.247Z]GET /js/jquery.min.js 304 -
[pretang]::1 [2017-08-25T06:46:33.249Z]GET /js/bootstrap.min.js 304 -
[pretang]::1 [2017-08-25T06:46:33.250Z]GET /js/vue.js 304 -
[pretang]::1 [2017-08-25T06:46:33.250Z]GET /js/md5.js 304 -
[pretang]::1 [2017-08-25T06:46:33.252Z]GET /js/base.js 304 -
[pretang]::1 [2017-08-25T06:46:33.252Z]GET /js/moment.js 304 -
[pretang]::1 [2017-08-25T06:46:33.255Z]GET /js/daterangepicker.js 304 -
[pretang]::1 [2017-08-25T06:46:33.275Z]GET /module/3 200 -
[pretang]::1 [2017-08-25T06:46:33.325Z]GET /img/icon.png 304 -
[pretang]::1 [2017-08-25T06:53:29.371Z]GET /module/3 200 -
[pretang]::1 [2017-08-25T06:53:37.967Z]GET /module/3 200 -
[pretang]::1 [2017-08-25T06:53:55.797Z]GET /module/3 200 -
[pretang]::1 [2017-08-25T06:54:35.903Z]GET /module/3 200 -
[pretang]::1 [2017-08-25T06:55:08.290Z]GET /module/3 200 -
[pretang]::1 [2017-08-25T06:55:14.139Z]GET /module/3 200 -
[pretang]::1 [2017-08-25T06:55:41.994Z]GET /module/3 200 -
[pretang]::1 [2017-08-25T06:55:50.111Z]GET /module/3 200 -
[pretang]::1 [2017-08-25T06:56:07.896Z]GET /module/3 200 -
[pretang]::1 [2017-08-25T06:56:35.227Z]GET /module/3 200 -
[pretang]::1 [2017-08-25T06:56:40.789Z]GET /module/3 200 -
[pretang]::1 [2017-08-25T06:58:08.536Z]GET /module/3 200 -
[pretang]::1 [2017-08-25T06:58:22.594Z]GET /module/3 200 -
[pretang]::1 [2017-08-25T06:58:35.496Z]GET /module/3 200 -
[pretang]::1 [2017-08-25T06:58:55.265Z]GET /module/3 304 -
[pretang]::1 [2017-08-25T06:59:33.459Z]GET /module/3 200 -
[pretang]::1 [2017-08-25T07:02:10.579Z]GET /module/3 200 -
[pretang]::1 [2017-08-25T07:02:28.775Z]GET /module/3 200 -
[pretang]::1 [2017-08-25T07:07:48.490Z]GET /css/mybootstrap.min.css 304 -
[pretang]::1 [2017-08-25T07:07:48.490Z]GET /css/base.css 304 -
[pretang]::1 [2017-08-25T07:07:48.491Z]GET /js/jquery.min.js 304 -
[pretang]::1 [2017-08-25T07:07:48.491Z]GET /js/bootstrap.min.js 304 -
[pretang]::1 [2017-08-25T07:07:48.491Z]GET /js/vue.js 304 -
[pretang]::1 [2017-08-25T07:07:48.493Z]GET /js/md5.js 304 -
[pretang]::1 [2017-08-25T07:07:48.494Z]GET /js/base.js 304 -
[pretang]::1 [2017-08-25T07:07:48.495Z]GET /js/moment.js 304 -
[pretang]::1 [2017-08-25T07:07:48.495Z]GET /js/daterangepicker.js 304 -
[pretang]::1 [2017-08-25T07:07:48.540Z]GET /module/3 200 -
[pretang]::1 [2017-08-25T07:07:48.553Z]GET /img/icon.png 304 -
[pretang]::1 [2017-08-25T07:13:38.037Z]GET /module/3 200 -
[pretang]::1 [2017-08-25T07:27:46.382Z]GET /css/mybootstrap.min.css 304 -
[pretang]::1 [2017-08-25T07:27:46.383Z]GET /css/base.css 304 -
[pretang]::1 [2017-08-25T07:27:46.383Z]GET /js/jquery.min.js 304 -
[pretang]::1 [2017-08-25T07:27:46.384Z]GET /js/bootstrap.min.js 304 -
[pretang]::1 [2017-08-25T07:27:46.384Z]GET /js/vue.js 304 -
[pretang]::1 [2017-08-25T07:27:46.385Z]GET /js/md5.js 304 -
[pretang]::1 [2017-08-25T07:27:46.387Z]GET /js/base.js 304 -
[pretang]::1 [2017-08-25T07:27:46.387Z]GET /js/moment.js 304 -
[pretang]::1 [2017-08-25T07:27:46.390Z]GET /js/daterangepicker.js 304 -
[pretang]::1 [2017-08-25T07:27:46.409Z]GET /module/3 200 -
[pretang]::1 [2017-08-25T07:27:46.456Z]GET /img/icon.png 304 -
[pretang]::1 [2017-08-25T07:28:11.751Z]GET /module/3 200 -
[pretang]::1 [2017-08-25T07:28:18.681Z]GET /module/3 200 -
[pretang]::1 [2017-08-25T07:37:57.397Z]GET /module/3 200 -
[pretang]::1 [2017-08-25T07:38:01.686Z]GET /img/load.png 200 -
[pretang]::1 [2017-08-25T07:38:11.576Z]POST /api/promotion/promotion/effectIndex - -
[pretang]::1 [2017-08-25T07:39:04.210Z]GET /module/3 200 -
[pretang]::1 [2017-08-25T07:39:15.412Z]POST /api/promotion/promotion/effectIndex - -
[pretang]::1 [2017-08-25T07:40:13.241Z]GET /module/3 200 -
[pretang]::1 [2017-08-25T07:40:29.920Z]GET /module/3 200 -
[pretang]::1 [2017-08-25T07:40:40.612Z]POST /api/promotion/promotion/effectIndex - -
[pretang]::1 [2017-08-25T07:42:50.277Z]GET /module/3 304 -
[pretang]::1 [2017-08-25T07:43:02.806Z]POST /api/promotion/promotion/effectIndex - -
[pretang]::1 [2017-08-25T07:46:20.699Z]GET /module/3 304 -
[pretang]::1 [2017-08-25T07:46:20.725Z]GET /css/mybootstrap.min.css 304 -
[pretang]::1 [2017-08-25T07:46:20.726Z]GET /css/base.css 304 -
[pretang]::1 [2017-08-25T07:46:20.726Z]GET /js/jquery.min.js 304 -
[pretang]::1 [2017-08-25T07:46:20.727Z]GET /js/bootstrap.min.js 304 -
[pretang]::1 [2017-08-25T07:46:20.728Z]GET /js/md5.js 304 -
[pretang]::1 [2017-08-25T07:46:20.728Z]GET /js/vue.js 304 -
[pretang]::1 [2017-08-25T07:46:20.734Z]GET /js/base.js 304 -
[pretang]::1 [2017-08-25T07:46:20.735Z]GET /js/moment.js 304 -
[pretang]::1 [2017-08-25T07:46:20.735Z]GET /js/daterangepicker.js 304 -
[pretang]::1 [2017-08-25T07:46:20.835Z]GET /img/icon.png 304 -
[pretang]::1 [2017-08-25T07:46:31.882Z]POST /api/promotion/promotion/effectIndex - -
[pretang]::1 [2017-08-25T07:48:21.900Z]GET /module/3 200 -
[pretang]::1 [2017-08-25T07:48:32.912Z]POST /api/promotion/promotion/effectIndex - -
[pretang]::1 [2017-08-25T07:51:27.579Z]GET /module/3 200 -
[pretang]::1 [2017-08-25T07:51:40.326Z]POST /api/promotion/promotion/effectIndex - -
[pretang]::1 [2017-08-25T07:51:58.868Z]POST /api/promotion/promotion/effectIndex - -
[pretang]::1 [2017-08-25T07:52:22.838Z]GET /module/3 200 -
[pretang]::1 [2017-08-25T07:52:34.685Z]POST /api/promotion/promotion/effectIndex - -
[pretang]::1 [2017-08-25T07:52:59.063Z]GET /module/3 200 -
[pretang]::1 [2017-08-25T07:53:09.699Z]POST /api/promotion/promotion/effectIndex - -
[pretang]::1 [2017-08-25T07:54:53.264Z]GET /module/3 200 -
[pretang]::1 [2017-08-25T07:55:18.771Z]GET /module/3 200 -
[pretang]::1 [2017-08-25T07:55:19.290Z]GET /img/load.png 304 -
[pretang]::1 [2017-08-25T07:55:29.293Z]POST /api/promotion/promotion/effectIndex - -
[pretang]::1 [2017-08-25T07:55:33.321Z]GET /module/3 304 -
[pretang]::1 [2017-08-25T07:59:48.776Z]GET /module/3 200 -
[pretang]::1 [2017-08-25T08:00:06.857Z]GET /module/3 200 -
[pretang]::1 [2017-08-25T08:00:21.834Z]GET /module/3 200 -
[pretang]::1 [2017-08-25T08:02:27.194Z]GET /module/3 200 -
[pretang]::1 [2017-08-25T08:03:37.423Z]GET /css/mybootstrap.min.css 304 -
[pretang]::1 [2017-08-25T08:03:37.423Z]GET /css/base.css 304 -
[pretang]::1 [2017-08-25T08:03:37.426Z]GET /js/jquery.min.js 304 -
[pretang]::1 [2017-08-25T08:03:37.426Z]GET /js/bootstrap.min.js 304 -
[pretang]::1 [2017-08-25T08:03:37.427Z]GET /js/vue.js 304 -
[pretang]::1 [2017-08-25T08:03:37.434Z]GET /js/md5.js 304 -
[pretang]::1 [2017-08-25T08:03:37.434Z]GET /js/base.js 304 -
[pretang]::1 [2017-08-25T08:03:37.434Z]GET /js/moment.js 304 -
[pretang]::1 [2017-08-25T08:03:37.435Z]GET /js/daterangepicker.js 304 -
[pretang]::1 [2017-08-25T08:03:37.465Z]GET /module/3 200 -
[pretang]::1 [2017-08-25T08:03:37.532Z]GET /img/icon.png 304 -
[pretang]::1 [2017-08-25T08:04:04.892Z]GET /module/3 200 -
[pretang]::1 [2017-08-25T08:04:23.324Z]GET /module/3 304 -
[pretang]::1 [2017-08-25T08:21:07.773Z]GET /css/mybootstrap.min.css 304 -
[pretang]::1 [2017-08-25T08:21:07.773Z]GET /css/base.css 304 -
[pretang]::1 [2017-08-25T08:21:07.774Z]GET /js/jquery.min.js 304 -
[pretang]::1 [2017-08-25T08:21:07.774Z]GET /js/bootstrap.min.js 304 -
[pretang]::1 [2017-08-25T08:21:07.776Z]GET /js/vue.js 304 -
[pretang]::1 [2017-08-25T08:21:07.776Z]GET /js/md5.js 304 -
[pretang]::1 [2017-08-25T08:21:07.776Z]GET /js/base.js 304 -
[pretang]::1 [2017-08-25T08:21:07.777Z]GET /js/moment.js 304 -
[pretang]::1 [2017-08-25T08:21:07.778Z]GET /js/daterangepicker.js 304 -
[pretang]::1 [2017-08-25T08:21:07.805Z]GET /module/3 200 -
[pretang]::1 [2017-08-25T08:21:07.848Z]GET /img/icon.png 304 -
[pretang]::1 [2017-08-25T08:21:12.478Z]GET /module/3 200 -
[pretang]::1 [2017-08-25T08:22:53.896Z]GET /module/3 200 -
[pretang]::1 [2017-08-25T08:23:03.690Z]GET /module/3 200 -
[pretang]::1 [2017-08-25T08:23:21.973Z]GET /module/3 200 -
[pretang]::1 [2017-08-25T08:23:34.269Z]GET /module/3 200 -
[pretang]::1 [2017-08-25T08:27:48.948Z]GET /module/3 200 -
[pretang]::1 [2017-08-25T08:27:52.089Z]GET /img/load.png 304 -
[pretang]::1 [2017-08-25T08:28:02.087Z]POST /api/promotion/promotion/detailed - -
[pretang]::1 [2017-08-25T08:34:54.069Z]GET /module/3 200 -
[pretang]::1 [2017-08-25T08:35:08.413Z]POST /api/promotion/promotion/detailed - -
[pretang]::1 [2017-08-25T08:37:34.714Z]GET /module/3 304 -
[pretang]::1 [2017-08-25T08:38:10.908Z]GET /css/mybootstrap.min.css 304 -
[pretang]::1 [2017-08-25T08:38:10.908Z]GET /css/base.css 304 -
[pretang]::1 [2017-08-25T08:38:10.909Z]GET /js/jquery.min.js 304 -
[pretang]::1 [2017-08-25T08:38:10.910Z]GET /js/bootstrap.min.js 304 -
[pretang]::1 [2017-08-25T08:38:10.910Z]GET /js/vue.js 304 -
[pretang]::1 [2017-08-25T08:38:10.914Z]GET /js/md5.js 304 -
[pretang]::1 [2017-08-25T08:38:10.915Z]GET /js/base.js 304 -
[pretang]::1 [2017-08-25T08:38:10.916Z]GET /js/moment.js 304 -
[pretang]::1 [2017-08-25T08:38:10.916Z]GET /js/daterangepicker.js 304 -
[pretang]::1 [2017-08-25T08:38:10.948Z]GET /module/3 200 -
[pretang]::1 [2017-08-25T08:38:10.987Z]GET /img/icon.png 304 -
[pretang]::1 [2017-08-25T08:38:23.109Z]POST /api/promotion/promotion/detailed - -
[pretang]::1 [2017-08-25T08:38:38.196Z]GET /module/3 200 -
[pretang]::1 [2017-08-25T08:38:39.710Z]GET /api/promotion/promotion/detailed?buildingId=3584 200 -
[pretang]::1 [2017-08-25T08:40:32.717Z]GET /module/3 304 -
[pretang]::1 [2017-08-25T08:40:34.363Z]GET /api/promotion/promotion/detailed?buildingId=3841 200 -
[pretang]::1 [2017-08-25T08:43:27.325Z]GET /module/3 200 -
[pretang]::1 [2017-08-25T08:43:41.042Z]GET /module/3 200 -
[pretang]::1 [2017-08-25T08:43:43.429Z]GET /api/promotion/promotion/detailed?buildingId=3841 200 -
[pretang]::1 [2017-08-25T08:48:23.220Z]GET /module/3 200 -
[pretang]::1 [2017-08-25T08:48:24.991Z]GET /img/load.png 304 -
[pretang]::1 [2017-08-25T08:48:25.067Z]GET /api/promotion/promotion/detailed?buildingId=3841 200 -
[pretang]::1 [2017-08-25T08:48:42.449Z]GET /module/3 200 -
[pretang]::1 [2017-08-25T08:48:54.052Z]POST /api/promotion/promotion/detailed - -
[pretang]::1 [2017-08-25T08:48:54.057Z]GET /module/3 - -
[pretang]::1 [2017-08-25T08:49:09.919Z]POST /api/promotion/promotion/detailed - -
[pretang]::1 [2017-08-25T08:49:37.988Z]GET /module/3 200 -
[pretang]::1 [2017-08-25T08:49:51.239Z]GET /module/3 304 -
[pretang]::1 [2017-08-25T08:50:03.335Z]POST /api/promotion/promotion/detailed - -
[pretang]::1 [2017-08-25T08:50:58.295Z]POST /api/promotion/promotion/detailed - -
[pretang]::1 [2017-08-25T08:51:03.175Z]GET /module/3 304 -
[pretang]::1 [2017-08-25T08:53:47.919Z]GET /module/3 200 -
[pretang]::1 [2017-08-25T08:53:58.833Z]POST /api/promotion/promotion/detailed - -
[pretang]::1 [2017-08-25T08:54:04.130Z]GET /module/3 200 -
[pretang]::1 [2017-08-25T08:54:07.111Z]GET /api/promotion/promotion/detailed?buildingId=3841 200 -
[pretang]::1 [2017-08-25T08:54:32.011Z]GET /api/promotion/promotion/detailed?buildingId=3926 200 -
[pretang]::1 [2017-08-25T08:55:12.725Z]GET /css/mybootstrap.min.css 304 -
[pretang]::1 [2017-08-25T08:55:12.725Z]GET /css/base.css 304 -
[pretang]::1 [2017-08-25T08:55:12.726Z]GET /js/jquery.min.js 304 -
[pretang]::1 [2017-08-25T08:55:12.727Z]GET /js/bootstrap.min.js 304 -
[pretang]::1 [2017-08-25T08:55:12.729Z]GET /js/vue.js 304 -
[pretang]::1 [2017-08-25T08:55:12.729Z]GET /js/md5.js 304 -
[pretang]::1 [2017-08-25T08:55:12.730Z]GET /js/base.js 304 -
[pretang]::1 [2017-08-25T08:55:12.731Z]GET /js/moment.js 304 -
[pretang]::1 [2017-08-25T08:55:12.731Z]GET /js/daterangepicker.js 304 -
[pretang]::1 [2017-08-25T08:55:12.769Z]GET /module/3 200 -
[pretang]::1 [2017-08-25T08:55:12.830Z]GET /img/icon.png 304 -
[pretang]::1 [2017-08-25T08:55:16.296Z]GET /api/promotion/promotion/detailed?buildingId=3841 200 -
[pretang]::1 [2017-08-25T08:55:19.273Z]GET /api/promotion/promotion/detailed?buildingId=3166 200 -
[pretang]::1 [2017-08-25T08:55:22.213Z]GET /api/promotion/promotion/detailed?buildingId=3584 200 -
[pretang]::1 [2017-08-25T08:55:41.961Z]GET /module/3 200 -
[pretang]::1 [2017-08-25T08:55:44.367Z]GET /api/promotion/promotion/effectIndex?buildingName=&currentPage=1&endTime=2017-08-25&startTime=2017-08-25 200 -
[pretang]::1 [2017-08-25T08:55:45.900Z]GET /api/promotion/promotion/effectIndex?buildingName=&currentPage=1&endTime=2017-08-24+&startTime=2017-08-24+ 200 -
[pretang]::1 [2017-08-25T08:55:47.136Z]GET /api/promotion/promotion/effectIndex?buildingName=&currentPage=1&endTime=2017-08-25&startTime=2017-08-25 200 -
[pretang]::1 [2017-08-25T08:55:49.160Z]GET /api/promotion/promotion/effectIndex?buildingName=&currentPage=1&endTime=2017-08-24+&startTime=2017-08-24+ 200 -
[pretang]::1 [2017-08-25T08:57:51.328Z]GET /module/3 200 -
[pretang]::1 [2017-08-25T09:01:44.218Z]GET /module/3 200 -
[pretang]::1 [2017-08-25T09:01:51.156Z]GET /api/promotion/promotion/effectIndex?buildingName=&currentPage=1&endTime=2017-08-24+&startTime=2017-08-24+ 200 -
[pretang]::1 [2017-08-25T09:02:04.175Z]GET /module/3 200 -
[pretang]::1 [2017-08-25T09:02:06.284Z]GET /api/promotion/promotion/effectIndex?buildingName=&currentPage=1&endTime=2017-08-24+&startTime=2017-08-24+ 200 -
[pretang]::1 [2017-08-25T09:02:09.569Z]GET /api/promotion/promotion/effectIndex?buildingName=&currentPage=1&endTime=2017-08-18&startTime=2017-08-25 200 -
[pretang]::1 [2017-08-25T09:02:16.379Z]GET /api/promotion/promotion/effectIndex?buildingName=&currentPage=1&endTime=2017-08-24+&startTime=2017-08-24+ 200 -
[pretang]::1 [2017-08-25T09:02:17.839Z]GET /api/promotion/promotion/effectIndex?buildingName=&currentPage=1&endTime=2017-08-25&startTime=2017-08-25 200 -
[pretang]::1 [2017-08-25T09:02:20.158Z]GET /api/promotion/promotion/effectIndex?buildingName=&currentPage=1&endTime=2017-08-18&startTime=2017-08-25 200 -
[pretang]::1 [2017-08-25T09:03:02.056Z]GET /module/3 200 -
[pretang]::1 [2017-08-25T09:03:03.270Z]GET /api/promotion/promotion/effectIndex?buildingName=&currentPage=1&endTime=2017-08-24+&startTime=2017-08-24+ 200 -
[pretang]::1 [2017-08-25T09:03:04.813Z]GET /api/promotion/promotion/effectIndex?buildingName=&currentPage=1&endTime=2017-08-25&startTime=2017-08-18 200 -
[pretang]::1 [2017-08-25T09:06:52.306Z]GET /module/3 200 -
[pretang]::1 [2017-08-25T09:07:30.880Z]GET /module/3 200 -
[pretang]::1 [2017-08-25T09:07:57.117Z]GET /module/3 200 -
[pretang]::1 [2017-08-25T09:08:52.919Z]GET /module/3 200 -
[pretang]::1 [2017-08-25T09:10:38.676Z]GET /module/3 200 -
[pretang]::1 [2017-08-25T09:10:59.547Z]GET /module/3 200 -
[pretang]::1 [2017-08-25T09:12:39.472Z]GET /css/mybootstrap.min.css 304 -
[pretang]::1 [2017-08-25T09:12:39.472Z]GET /css/base.css 304 -
[pretang]::1 [2017-08-25T09:13:48.643Z]GET /js/jquery.min.js 304 -
[pretang]::1 [2017-08-25T09:13:48.643Z]GET /js/bootstrap.min.js 304 -
[pretang]::1 [2017-08-25T09:13:48.643Z]GET /js/md5.js 304 -
[pretang]::1 [2017-08-25T09:13:48.644Z]GET /js/vue.js 304 -
[pretang]::1 [2017-08-25T09:13:48.644Z]GET /js/base.js 304 -
[pretang]::1 [2017-08-25T09:13:48.647Z]GET /js/moment.js 304 -
[pretang]::1 [2017-08-25T09:13:48.647Z]GET /js/daterangepicker.js 304 -
[pretang]::1 [2017-08-25T09:13:48.679Z]GET /module/3 200 -
[pretang]::1 [2017-08-25T09:13:48.723Z]GET /img/icon.png 304 -
[pretang]::1 [2017-08-25T09:14:59.477Z]GET /module/3 200 -
[pretang]::1 [2017-08-25T09:15:54.937Z]GET /module/3 200 -
[pretang]::1 [2017-08-25T09:16:14.104Z]GET /module/3 200 -
[pretang]::1 [2017-08-25T09:16:45.197Z]GET /module/3 200 -
[pretang]::1 [2017-08-25T09:18:58.395Z]GET /module/3 200 -
[pretang]::1 [2017-08-25T09:19:15.387Z]GET /module/3 200 -
[pretang]::1 [2017-08-25T09:19:46.658Z]GET /module/3 200 -
[pretang]::1 [2017-08-25T09:20:00.798Z]GET /module/3 200 -
[pretang]::1 [2017-08-25T09:20:18.806Z]GET /module/3 200 -
[pretang]::1 [2017-08-25T09:20:57.321Z]GET /module/3 200 -
[pretang]::1 [2017-08-25T09:21:10.939Z]GET /module/3 200 -
[pretang]::1 [2017-08-25T09:21:30.222Z]GET /module/3 200 -
[pretang]::1 [2017-08-25T09:21:46.340Z]GET /module/3 200 -
[pretang]::1 [2017-08-25T09:22:00.349Z]GET /module/3 200 -
[pretang]::1 [2017-08-25T09:22:08.609Z]GET /module/3 200 -
[pretang]::1 [2017-08-25T09:22:21.252Z]GET /module/3 200 -
[pretang]::1 [2017-08-25T09:22:34.877Z]GET /module/3 200 -
[pretang]::1 [2017-08-25T09:23:05.981Z]GET /module/3 200 -
[pretang]::1 [2017-08-25T09:23:30.277Z]GET /module/3 200 -
[pretang]::1 [2017-08-25T09:23:38.057Z]GET /module/3 200 -
[pretang]::1 [2017-08-25T09:23:42.547Z]GET /module/3 304 -
[pretang]::1 [2017-08-25T09:25:49.192Z]GET /module/3 200 -
[pretang]::1 [2017-08-25T09:25:56.099Z]GET /module/3 304 -
[pretang]::1 [2017-08-25T09:32:44.801Z]GET /css/mybootstrap.min.css 304 -
[pretang]::1 [2017-08-25T09:32:44.801Z]GET /css/base.css 304 -
[pretang]::1 [2017-08-25T09:32:44.801Z]GET /js/jquery.min.js 304 -
[pretang]::1 [2017-08-25T09:32:44.802Z]GET /js/bootstrap.min.js 304 -
[pretang]::1 [2017-08-25T09:32:44.802Z]GET /js/vue.js 304 -
[pretang]::1 [2017-08-25T09:32:44.804Z]GET /js/md5.js 304 -
[pretang]::1 [2017-08-25T09:32:44.805Z]GET /js/base.js 304 -
[pretang]::1 [2017-08-25T09:32:44.805Z]GET /js/moment.js 304 -
[pretang]::1 [2017-08-25T09:32:44.805Z]GET /js/daterangepicker.js 304 -
[pretang]::1 [2017-08-25T09:32:44.829Z]GET /module/3 200 -
[pretang]::1 [2017-08-25T09:32:44.879Z]GET /img/icon.png 304 -
[pretang]::1 [2017-08-25T09:33:17.525Z]GET /module/3 200 -
[pretang]::1 [2017-08-25T09:37:39.100Z]GET /module/3 200 -
[pretang]::1 [2017-08-25T09:38:26.631Z]GET /module/3 200 -
[pretang]::1 [2017-08-25T09:38:43.394Z]GET /module/3 200 -
[pretang]::1 [2017-08-25T09:41:49.723Z]GET /module/3 200 -
[pretang]::1 [2017-08-25T09:42:39.411Z]GET /module/3 200 -
[pretang]::1 [2017-08-25T09:43:09.125Z]GET /module/3 200 -
[pretang]::1 [2017-08-25T09:43:38.893Z]GET /module/3 200 -
[pretang]::1 [2017-08-25T09:44:07.510Z]GET /module/3 200 -
[pretang]::1 [2017-08-25T09:44:42.641Z]GET /module/3 200 -
[pretang]::1 [2017-08-25T09:44:51.931Z]GET /module/3 200 -
[pretang]::1 [2017-08-25T09:50:00.900Z]GET /css/mybootstrap.min.css 304 -
[pretang]::1 [2017-08-25T09:50:00.900Z]GET /css/base.css 304 -
[pretang]::1 [2017-08-25T09:50:00.900Z]GET /js/jquery.min.js 304 -
[pretang]::1 [2017-08-25T09:50:00.901Z]GET /js/bootstrap.min.js 304 -
[pretang]::1 [2017-08-25T09:50:00.901Z]GET /js/vue.js 304 -
[pretang]::1 [2017-08-25T09:50:00.905Z]GET /js/md5.js 304 -
[pretang]::1 [2017-08-25T09:50:00.905Z]GET /js/base.js 304 -
[pretang]::1 [2017-08-25T09:50:00.905Z]GET /js/moment.js 304 -
[pretang]::1 [2017-08-25T09:50:00.905Z]GET /js/daterangepicker.js 304 -
[pretang]::1 [2017-08-25T09:50:00.932Z]GET /module/3 200 -
[pretang]::1 [2017-08-25T09:50:00.974Z]GET /img/icon.png 304 -
[pretang]::1 [2017-08-25T09:50:06.503Z]GET /module/3 304 -
[pretang]::1 [2017-08-25T10:01:57.209Z]GET /module/3 200 -
[pretang]::1 [2017-08-25T10:02:40.488Z]GET /module/3 200 -
[pretang]::1 [2017-08-25T10:04:39.845Z]GET /module/3 200 -
[pretang]::1 [2017-08-25T10:04:52.584Z]GET /module/3 200 -
[pretang]::1 [2017-08-25T10:05:06.196Z]GET /module/3 200 -
[pretang]::1 [2017-08-25T10:05:14.031Z]GET /module/3 200 -
[pretang]::1 [2017-08-25T10:05:51.254Z]GET /module/3 200 -
[pretang]::1 [2017-08-25T10:05:51.789Z]GET /module/3 304 -
[pretang]::1 [2017-08-25T10:06:20.210Z]GET /module/3 200 -
[pretang]::1 [2017-08-25T10:08:33.347Z]GET /css/mybootstrap.min.css 304 -
[pretang]::1 [2017-08-25T10:08:33.347Z]GET /css/base.css 304 -
[pretang]::1 [2017-08-25T10:08:33.347Z]GET /js/jquery.min.js 304 -
[pretang]::1 [2017-08-25T10:08:33.347Z]GET /js/bootstrap.min.js 304 -
[pretang]::1 [2017-08-25T10:08:33.348Z]GET /js/vue.js 304 -
[pretang]::1 [2017-08-25T10:08:33.348Z]GET /js/md5.js 304 -
[pretang]::1 [2017-08-25T10:08:33.352Z]GET /js/moment.js 304 -
[pretang]::1 [2017-08-25T10:08:33.353Z]GET /js/daterangepicker.js 304 -
[pretang]::1 [2017-08-25T10:08:33.354Z]GET /js/base.js 200 -
[pretang]::1 [2017-08-25T10:08:33.391Z]GET /module/3 200 -
[pretang]::1 [2017-08-25T10:08:33.421Z]GET /img/icon.png 304 -
[pretang]::1 [2017-08-25T10:08:48.874Z]GET /module/3 200 -
[pretang]::1 [2017-08-25T10:09:30.251Z]GET /module/3 304 -
[pretang]::1 [2017-08-25T10:09:43.925Z]GET /module/3 200 -
[pretang]::1 [2017-08-25T10:09:43.928Z]GET /css/base.css 200 -
[pretang]::1 [2017-08-25T10:09:43.930Z]GET /js/jquery.min.js 200 -
[pretang]::1 [2017-08-25T10:09:43.932Z]GET /js/md5.js 200 -
[pretang]::1 [2017-08-25T10:09:43.933Z]GET /js/bootstrap.min.js 200 -
[pretang]::1 [2017-08-25T10:09:43.935Z]GET /css/mybootstrap.min.css 200 -
[pretang]::1 [2017-08-25T10:09:43.938Z]GET /js/base.js 200 -
[pretang]::1 [2017-08-25T10:09:43.938Z]GET /js/daterangepicker.js 200 -
[pretang]::1 [2017-08-25T10:09:43.938Z]GET /js/moment.js 200 -
[pretang]::1 [2017-08-25T10:09:43.955Z]GET /img/icon.png 200 -
[pretang]::1 [2017-08-25T10:09:43.962Z]GET /js/vue.js 200 -
[pretang]::1 [2017-08-25T10:10:02.106Z]GET /module/3 200 -
[pretang]::1 [2017-08-25T10:10:13.103Z]GET /module/3 200 -
[pretang]::1 [2017-08-25T10:10:36.102Z]GET /module/3 200 -
[pretang]::1 [2017-08-25T10:10:51.030Z]GET /module/3 200 -
[pretang]::1 [2017-08-25T10:11:05.284Z]GET /module/3 304 -
[pretang]::1 [2017-08-25T10:11:09.115Z]GET /css/base.css 200 -
[pretang]::1 [2017-08-25T10:11:09.116Z]GET /js/bootstrap.min.js 200 -
[pretang]::1 [2017-08-25T10:11:09.116Z]GET /css/mybootstrap.min.css 200 -
[pretang]::1 [2017-08-25T10:11:09.117Z]GET /js/vue.js 200 -
[pretang]::1 [2017-08-25T10:11:09.117Z]GET /js/jquery.min.js 200 -
[pretang]::1 [2017-08-25T10:11:09.123Z]GET /js/md5.js 200 -
[pretang]::1 [2017-08-25T10:11:09.123Z]GET /js/base.js 200 -
[pretang]::1 [2017-08-25T10:11:09.125Z]GET /js/daterangepicker.js 200 -
[pretang]::1 [2017-08-25T10:11:09.125Z]GET /js/moment.js 200 -
[pretang]::1 [2017-08-25T10:11:09.133Z]GET /module/3 200 -
[pretang]::1 [2017-08-25T10:11:09.193Z]GET /img/icon.png 200 -
[pretang]::1 [2017-08-25T10:11:29.819Z]GET /module/3 304 -
[pretang]::1 [2017-08-25T10:11:50.276Z]GET /module/3 304 -
[pretang]::1 [2017-08-25T10:21:10.849Z]GET /module/3 200 -
[pretang]::1 [2017-08-25T10:23:14.374Z]GET /module/3 200 -
[pretang]::1 [2017-08-25T10:23:59.200Z]GET /css/base.css 200 -
[pretang]::1 [2017-08-25T10:23:59.201Z]GET /js/bootstrap.min.js 200 -
[pretang]::1 [2017-08-25T10:23:59.205Z]GET /js/vue.js 200 -
[pretang]::1 [2017-08-25T10:23:59.206Z]GET /js/jquery.min.js 200 -
[pretang]::1 [2017-08-25T10:23:59.207Z]GET /css/mybootstrap.min.css 200 -
[pretang]::1 [2017-08-25T10:23:59.209Z]GET /js/md5.js 200 -
[pretang]::1 [2017-08-25T10:23:59.211Z]GET /js/base.js 200 -
[pretang]::1 [2017-08-25T10:23:59.212Z]GET /js/moment.js 200 -
[pretang]::1 [2017-08-25T10:23:59.213Z]GET /js/daterangepicker.js 200 -
[pretang]::1 [2017-08-25T10:23:59.242Z]GET /module/3 200 -
[pretang]::1 [2017-08-25T10:23:59.268Z]GET /img/icon.png 200 -
[pretang]::1 [2017-08-25T10:24:05.844Z]GET /css/base.css 200 -
[pretang]::1 [2017-08-25T10:24:05.845Z]GET /js/bootstrap.min.js 200 -
[pretang]::1 [2017-08-25T10:24:05.847Z]GET /css/mybootstrap.min.css 200 -
[pretang]::1 [2017-08-25T10:24:05.848Z]GET /js/vue.js 200 -
[pretang]::1 [2017-08-25T10:24:05.849Z]GET /js/jquery.min.js 200 -
[pretang]::1 [2017-08-25T10:24:05.849Z]GET /js/md5.js 200 -
[pretang]::1 [2017-08-25T10:24:05.852Z]GET /js/base.js 200 -
[pretang]::1 [2017-08-25T10:24:05.857Z]GET /js/daterangepicker.js 200 -
[pretang]::1 [2017-08-25T10:24:05.861Z]GET /js/moment.js 200 -
[pretang]::1 [2017-08-25T10:24:05.874Z]GET /module/3 200 -
[pretang]::1 [2017-08-25T10:24:05.920Z]GET /img/icon.png 200 -
[pretang]::1 [2017-08-25T10:24:06.200Z]GET /css/base.css 200 -
[pretang]::1 [2017-08-25T10:24:06.201Z]GET /js/bootstrap.min.js 200 -
[pretang]::1 [2017-08-25T10:24:06.201Z]GET /css/mybootstrap.min.css 200 -
[pretang]::1 [2017-08-25T10:24:06.201Z]GET /js/jquery.min.js 200 -
[pretang]::1 [2017-08-25T10:24:06.202Z]GET /js/vue.js 200 -
[pretang]::1 [2017-08-25T10:24:06.216Z]GET /js/md5.js 200 -
[pretang]::1 [2017-08-25T10:24:06.216Z]GET /js/base.js 200 -
[pretang]::1 [2017-08-25T10:24:06.217Z]GET /js/daterangepicker.js 200 -
[pretang]::1 [2017-08-25T10:24:06.217Z]GET /js/moment.js 200 -
[pretang]::1 [2017-08-25T10:24:06.239Z]GET /module/3 200 -
[pretang]::1 [2017-08-25T10:24:06.275Z]GET /img/icon.png 200 -
[pretang]::1 [2017-08-25T10:24:06.566Z]GET /css/base.css 200 -
[pretang]::1 [2017-08-25T10:24:06.567Z]GET /js/bootstrap.min.js 200 -
[pretang]::1 [2017-08-25T10:24:06.568Z]GET /css/mybootstrap.min.css 200 -
[pretang]::1 [2017-08-25T10:24:06.568Z]GET /js/jquery.min.js 200 -
[pretang]::1 [2017-08-25T10:24:06.568Z]GET /js/vue.js 200 -
[pretang]::1 [2017-08-25T10:24:06.576Z]GET /js/md5.js 200 -
[pretang]::1 [2017-08-25T10:24:06.576Z]GET /js/base.js 200 -
[pretang]::1 [2017-08-25T10:24:06.577Z]GET /js/moment.js 200 -
[pretang]::1 [2017-08-25T10:24:06.581Z]GET /js/daterangepicker.js 200 -
[pretang]::1 [2017-08-25T10:24:06.596Z]GET /img/icon.png 200 -
[pretang]::1 [2017-08-25T10:24:06.604Z]GET /module/3 200 -
[pretang]::1 [2017-08-25T10:25:08.433Z]GET /module/3 200 -
[pretang]::1 [2017-08-25T10:26:37.538Z]GET /module/3 200 -
[pretang]::1 [2017-08-25T10:27:48.027Z]GET /module/3 200 -
[pretang]::1 [2017-08-25T10:27:49.457Z]GET /dist/img/load.png 404 -
[pretang]::1 [2017-08-25T10:27:49.469Z]GET /api/promotion/promotion/effectIndex?buildingName=&currentPage=2&endTime=2017-08-01&startTime=2017-08-01 200 -
[pretang]::1 [2017-08-25T10:28:14.466Z]GET /css/base.css 200 -
[pretang]::1 [2017-08-25T10:28:14.467Z]GET /js/bootstrap.min.js 200 -
[pretang]::1 [2017-08-25T10:28:14.467Z]GET /js/vue.js 200 -
[pretang]::1 [2017-08-25T10:28:14.467Z]GET /js/jquery.min.js 200 -
[pretang]::1 [2017-08-25T10:28:14.467Z]GET /css/mybootstrap.min.css 200 -
[pretang]::1 [2017-08-25T10:28:14.471Z]GET /js/md5.js 200 -
[pretang]::1 [2017-08-25T10:28:14.471Z]GET /js/base.js 200 -
[pretang]::1 [2017-08-25T10:28:14.474Z]GET /js/daterangepicker.js 200 -
[pretang]::1 [2017-08-25T10:28:14.474Z]GET /js/moment.js 200 -
[pretang]::1 [2017-08-25T10:28:14.491Z]GET /img/icon.png 200 -
[pretang]::1 [2017-08-25T10:28:14.511Z]GET /module/3 200 -
[pretang]::1 [2017-08-25T10:28:17.234Z]GET /dist/img/load.png 404 -
[pretang]::1 [2017-08-25T10:28:17.246Z]GET /api/promotion/promotion/effectIndex?buildingName=&currentPage=2&endTime=2017-08-01&startTime=2017-08-01 200 -
[pretang]::1 [2017-08-25T10:28:28.176Z]GET /module/3 304 -
[pretang]::1 [2017-08-25T10:28:32.877Z]GET /dist/img/load.png 404 -
[pretang]::1 [2017-08-25T10:28:32.879Z]GET /api/promotion/promotion/effectIndex?buildingName=&currentPage=2&endTime=2017-08-01&startTime=2017-08-01 200 -
[pretang]::1 [2017-08-25T10:28:47.205Z]GET /module/3 200 -
[pretang]::1 [2017-08-25T10:28:50.191Z]GET /dist/img/load.png 404 -
[pretang]::1 [2017-08-25T10:28:50.248Z]GET /api/promotion/promotion/effectIndex?buildingName=&currentPage=2&endTime=2017-08-30&startTime=2017-08-01 200 -
[pretang]::1 [2017-08-25T10:28:57.348Z]GET /dist/img/load.png 404 -
[pretang]::1 [2017-08-25T10:28:57.422Z]GET /api/promotion/promotion/effectIndex?buildingName=&currentPage=1&endTime=2017-08-30&startTime=2017-08-01 200 -
[pretang]::1 [2017-08-25T10:29:06.057Z]GET /dist/img/load.png 404 -
[pretang]::1 [2017-08-25T10:29:06.125Z]GET /api/promotion/promotion/effectIndex?buildingName=&currentPage=2&endTime=2017-08-30&startTime=2017-08-01 200 -
[pretang]::1 [2017-08-25T10:29:07.430Z]GET /dist/img/load.png 404 -
[pretang]::1 [2017-08-25T10:29:07.489Z]GET /api/promotion/promotion/effectIndex?buildingName=&currentPage=1&endTime=2017-08-30&startTime=2017-08-01 200 -
[pretang]::1 [2017-08-25T10:29:08.469Z]GET /dist/img/load.png 404 -
[pretang]::1 [2017-08-25T10:29:08.564Z]GET /api/promotion/promotion/effectIndex?buildingName=&currentPage=0&endTime=2017-08-30&startTime=2017-08-01 200 -
[pretang]::1 [2017-08-25T10:29:12.036Z]GET /dist/img/load.png 404 -
[pretang]::1 [2017-08-25T10:29:12.111Z]GET /api/promotion/promotion/effectIndex?buildingName=&currentPage=1&endTime=2017-08-30&startTime=2017-08-01 200 -
[pretang]::1 [2017-08-25T10:29:14.029Z]GET /dist/img/load.png 404 -
[pretang]::1 [2017-08-25T10:29:14.031Z]GET /api/promotion/promotion/effectIndex?buildingName=&currentPage=0&endTime=2017-08-30&startTime=2017-08-01 200 -
[pretang]::1 [2017-08-25T10:29:37.113Z]GET /module/3 304 -
[pretang]::1 [2017-08-25T10:30:34.520Z]GET /module/3 200 -
[pretang]::1 [2017-08-25T10:30:38.810Z]GET /dist/img/load.png 404 -
[pretang]::1 [2017-08-25T10:30:38.881Z]GET /api/promotion/promotion/effectIndex?buildingName=&currentPage=2&endTime=2017-08-30&startTime=2017-08-01 200 -
[pretang]::1 [2017-08-25T10:30:40.016Z]GET /dist/img/load.png 404 -
[pretang]::1 [2017-08-25T10:30:40.093Z]GET /api/promotion/promotion/effectIndex?buildingName=&currentPage=1&endTime=2017-08-30&startTime=2017-08-01 200 -
[pretang]::1 [2017-08-25T10:30:40.832Z]GET /dist/img/load.png 404 -
[pretang]::1 [2017-08-25T10:30:40.848Z]GET /api/promotion/promotion/effectIndex?buildingName=&currentPage=0&endTime=2017-08-30&startTime=2017-08-01 200 -
[pretang]::1 [2017-08-25T10:30:43.870Z]GET /css/base.css 200 -
[pretang]::1 [2017-08-25T10:30:43.871Z]GET /js/bootstrap.min.js 200 -
[pretang]::1 [2017-08-25T10:30:43.871Z]GET /css/mybootstrap.min.css 200 -
[pretang]::1 [2017-08-25T10:30:43.872Z]GET /js/vue.js 200 -
[pretang]::1 [2017-08-25T10:30:43.873Z]GET /js/jquery.min.js 200 -
[pretang]::1 [2017-08-25T10:30:43.876Z]GET /js/md5.js 200 -
[pretang]::1 [2017-08-25T10:30:43.880Z]GET /js/moment.js 200 -
[pretang]::1 [2017-08-25T10:30:43.881Z]GET /js/daterangepicker.js 200 -
[pretang]::1 [2017-08-25T10:30:43.881Z]GET /js/base.js 200 -
[pretang]::1 [2017-08-25T10:30:43.903Z]GET /img/icon.png 200 -
[pretang]::1 [2017-08-25T10:30:43.906Z]GET /module/3 200 -
[pretang]::1 [2017-08-25T10:30:45.426Z]GET /dist/img/load.png 404 -
[pretang]::1 [2017-08-25T10:30:45.440Z]GET /api/promotion/promotion/effectIndex?buildingName=&currentPage=0&endTime=2017-08-30&startTime=2017-08-01 200 -
[pretang]::1 [2017-08-25T10:30:53.716Z]GET /module/3 200 -
[pretang]::1 [2017-08-25T10:30:54.507Z]GET /module/3 304 -
[pretang]::1 [2017-08-25T10:30:55.594Z]GET /dist/img/load.png 404 -
[pretang]::1 [2017-08-25T10:30:55.675Z]GET /api/promotion/promotion/effectIndex?buildingName=&currentPage=1&endTime=2017-08-30&startTime=2017-08-01 200 -
[pretang]::1 [2017-08-25T10:30:56.768Z]GET /dist/img/load.png 404 -
[pretang]::1 [2017-08-25T10:30:56.842Z]GET /api/promotion/promotion/effectIndex?buildingName=&currentPage=1&endTime=2017-08-30&startTime=2017-08-01 200 -
[pretang]::1 [2017-08-25T10:30:57.565Z]GET /dist/img/load.png 404 -
[pretang]::1 [2017-08-25T10:30:57.629Z]GET /api/promotion/promotion/effectIndex?buildingName=&currentPage=1&endTime=2017-08-30&startTime=2017-08-01 200 -
[pretang]::1 [2017-08-25T10:30:58.223Z]GET /dist/img/load.png 404 -
[pretang]::1 [2017-08-25T10:30:58.305Z]GET /api/promotion/promotion/effectIndex?buildingName=&currentPage=1&endTime=2017-08-30&startTime=2017-08-01 200 -
[pretang]::1 [2017-08-25T10:30:58.941Z]GET /dist/img/load.png 404 -
[pretang]::1 [2017-08-25T10:30:59.008Z]GET /api/promotion/promotion/effectIndex?buildingName=&currentPage=1&endTime=2017-08-30&startTime=2017-08-01 200 -
[pretang]::1 [2017-08-25T10:30:59.632Z]GET /dist/img/load.png 404 -
[pretang]::1 [2017-08-25T10:30:59.698Z]GET /api/promotion/promotion/effectIndex?buildingName=&currentPage=1&endTime=2017-08-30&startTime=2017-08-01 200 -
[pretang]::1 [2017-08-25T10:31:00.265Z]GET /dist/img/load.png 404 -
[pretang]::1 [2017-08-25T10:31:00.333Z]GET /api/promotion/promotion/effectIndex?buildingName=&currentPage=1&endTime=2017-08-30&startTime=2017-08-01 200 -
[pretang]::1 [2017-08-25T10:31:01.926Z]GET /module/3 304 -
[pretang]::1 [2017-08-25T10:31:02.767Z]GET /module/3 304 -
[pretang]::1 [2017-08-25T10:33:08.834Z]GET /module/3 200 -
[pretang]::1 [2017-08-25T10:34:05.425Z]GET /module/3 200 -
[pretang]::1 [2017-08-25T10:34:07.104Z]GET /dist/img/load.png 404 -
[pretang]::1 [2017-08-25T10:34:07.171Z]GET /api/promotion/promotion/effectIndex?buildingName=&currentPage=2&endTime=2017-08-30&startTime=2017-08-01 200 -
[pretang]::1 [2017-08-25T10:34:08.021Z]GET /dist/img/load.png 404 -
[pretang]::1 [2017-08-25T10:34:08.045Z]GET /api/promotion/promotion/effectIndex?buildingName=&currentPage=3&endTime=2017-08-30&startTime=2017-08-01 200 -
[pretang]::1 [2017-08-25T10:34:16.687Z]GET /module/3 304 -
[pretang]::1 [2017-08-25T10:34:17.832Z]GET /dist/img/load.png 404 -
[pretang]::1 [2017-08-25T10:34:17.907Z]GET /api/promotion/promotion/effectIndex?buildingName=&currentPage=1&endTime=2017-08-30&startTime=2017-08-01 200 -
[pretang]::1 [2017-08-25T10:34:20.368Z]GET /module/3 304 -
[pretang]::1 [2017-08-25T10:35:35.163Z]GET /module/3 200 -
[pretang]::1 [2017-08-25T10:35:45.083Z]GET /module/3 304 -
[pretang]::1 [2017-08-25T10:37:03.307Z]GET /module/3 200 -
[pretang]::1 [2017-08-25T10:37:04.774Z]GET /dist/img/load.png 404 -
[pretang]::1 [2017-08-25T10:37:04.849Z]GET /api/promotion/promotion/effectIndex?buildingName=&currentPage=2&endTime=2017-08-30&startTime=2017-08-01 200 -
[pretang]::1 [2017-08-25T10:37:09.179Z]GET /module/3 304 -
[pretang]::1 [2017-08-25T10:37:10.751Z]GET /dist/img/load.png 404 -
[pretang]::1 [2017-08-25T10:37:10.816Z]GET /api/promotion/promotion/effectIndex?buildingName=&currentPage=2&endTime=2017-08-30&startTime=2017-08-01 200 -
[pretang]::1 [2017-08-25T10:37:41.813Z]GET /module/3 304 -
[pretang]::1 [2017-08-25T10:37:42.985Z]GET /dist/img/load.png 404 -
[pretang]::1 [2017-08-25T10:37:43.006Z]GET /api/promotion/promotion/effectIndex?buildingName=&currentPage=3&endTime=2017-08-30&startTime=2017-08-01 200 -
[pretang]::1 [2017-08-25T10:37:44.789Z]GET /module/3 304 -
[pretang]::1 [2017-08-25T10:37:46.348Z]GET /dist/img/load.png 404 -
[pretang]::1 [2017-08-25T10:37:46.416Z]GET /api/promotion/promotion/effectIndex?buildingName=&currentPage=2&endTime=2017-08-30&startTime=2017-08-01 200 -
[pretang]::1 [2017-08-25T10:37:53.310Z]GET /module/3 304 -
[pretang]::1 [2017-08-25T10:37:54.851Z]GET /dist/img/load.png 404 -
[pretang]::1 [2017-08-25T10:37:54.913Z]GET /api/promotion/promotion/effectIndex?buildingName=&currentPage=2&endTime=2017-08-30&startTime=2017-08-01 200 -
[pretang]::1 [2017-08-25T10:42:19.897Z]GET /module/3 200 -
[pretang]::1 [2017-08-25T10:42:38.903Z]GET /module/3 200 -
[pretang]::1 [2017-08-25T10:42:39.681Z]GET /module/3 304 -
[pretang]::1 [2017-08-25T10:42:41.363Z]GET /api/promotion/promotion/effectIndex?buildingName=&currentPage=2&endTime=2017-08-30&startTime=2017-08-01 200 -
[pretang]::1 [2017-08-25T10:42:41.381Z]GET /dist/img/load.png 404 -
[pretang]::1 [2017-08-25T10:42:47.755Z]GET /dist/img/load.png 404 -
[pretang]::1 [2017-08-25T10:42:47.833Z]GET /api/promotion/promotion/effectIndex?buildingName=&currentPage=1&endTime=2017-08-30&startTime=2017-08-01 200 -
[pretang]::1 [2017-08-25T10:42:48.906Z]GET /dist/img/load.png 404 -
[pretang]::1 [2017-08-25T10:42:48.990Z]GET /api/promotion/promotion/effectIndex?buildingName=&currentPage=1&endTime=2017-08-30&startTime=2017-08-01 200 -
[pretang]::1 [2017-08-25T10:42:49.492Z]GET /dist/img/load.png 404 -
[pretang]::1 [2017-08-25T10:42:49.578Z]GET /api/promotion/promotion/effectIndex?buildingName=&currentPage=1&endTime=2017-08-30&startTime=2017-08-01 200 -
[pretang]::1 [2017-08-25T10:42:51.134Z]GET /dist/img/load.png 404 -
[pretang]::1 [2017-08-25T10:42:51.201Z]GET /api/promotion/promotion/effectIndex?buildingName=&currentPage=2&endTime=2017-08-30&startTime=2017-08-01 200 -
[pretang]::1 [2017-08-25T10:42:53.948Z]GET /dist/img/load.png 404 -
[pretang]::1 [2017-08-25T10:42:54.018Z]GET /api/promotion/promotion/effectIndex?buildingName=&currentPage=1&endTime=2017-08-30&startTime=2017-08-01 200 -
[pretang]::1 [2017-08-25T10:42:56.609Z]GET /dist/img/load.png 404 -
[pretang]::1 [2017-08-25T10:42:56.664Z]GET /api/promotion/promotion/effectIndex?buildingName=&currentPage=2&endTime=2017-08-30&startTime=2017-08-01 200 -
[pretang]::1 [2017-08-25T10:43:07.885Z]GET /module/3 304 -
[pretang]::1 [2017-08-25T10:43:17.613Z]GET /dist/img/load.png 404 -
[pretang]::1 [2017-08-25T10:43:17.680Z]GET /api/promotion/promotion/effectIndex?buildingName=&currentPage=2&endTime=2017-08-30&startTime=2017-08-01 200 -
[pretang]::1 [2017-08-25T10:44:59.555Z]GET /module/3 200 -
[pretang]::1 [2017-08-25T10:45:04.185Z]GET /dist/img/load.png 404 -
[pretang]::1 [2017-08-25T10:45:04.255Z]GET /api/promotion/promotion/effectIndex?buildingName=&currentPage=2&endTime=2017-08-30&startTime=2017-08-01 200 -
[pretang]::1 [2017-08-25T10:45:19.322Z]GET /module/3 200 -
[pretang]::1 [2017-08-25T10:45:21.033Z]GET /dist/img/load.png 404 -
[pretang]::1 [2017-08-25T10:45:21.100Z]GET /api/promotion/promotion/effectIndex?buildingName=&currentPage=2&endTime=2017-08-30&startTime=2017-08-01 200 -
[pretang]::1 [2017-08-25T10:45:49.274Z]GET /module/3 304 -
[pretang]::1 [2017-08-25T10:45:50.178Z]GET /dist/img/load.png 404 -
[pretang]::1 [2017-08-25T10:45:50.244Z]GET /api/promotion/promotion/effectIndex?buildingName=&currentPage=2&endTime=2017-08-30&startTime=2017-08-01 200 -
[pretang]::1 [2017-08-25T10:47:08.527Z]GET /module/3 200 -
[pretang]::1 [2017-08-25T10:47:09.554Z]GET /dist/img/load.png 404 -
[pretang]::1 [2017-08-25T10:47:09.629Z]GET /api/promotion/promotion/effectIndex?buildingName=&currentPage=2&endTime=2017-08-30&startTime=2017-08-01 200 -
[pretang]::1 [2017-08-25T10:48:18.332Z]GET /css/mybootstrap.min.css 304 -
[pretang]::1 [2017-08-25T10:48:18.332Z]GET /css/base.css 304 -
[pretang]::1 [2017-08-25T10:48:18.332Z]GET /js/jquery.min.js 304 -
[pretang]::1 [2017-08-25T10:48:18.333Z]GET /js/bootstrap.min.js 304 -
[pretang]::1 [2017-08-25T10:48:18.334Z]GET /js/vue.js 304 -
[pretang]::1 [2017-08-25T10:48:18.337Z]GET /js/md5.js 304 -
[pretang]::1 [2017-08-25T10:48:18.338Z]GET /js/base.js 304 -
[pretang]::1 [2017-08-25T10:48:18.340Z]GET /js/moment.js 304 -
[pretang]::1 [2017-08-25T10:48:18.340Z]GET /js/daterangepicker.js 304 -
[pretang]::1 [2017-08-25T10:48:18.371Z]GET /module/3 200 -
[pretang]::1 [2017-08-25T10:48:18.404Z]GET /img/icon.png 304 -
[pretang]::1 [2017-08-25T10:48:21.089Z]GET /dist/img/load.png 404 -
[pretang]::1 [2017-08-25T10:48:21.155Z]GET /api/promotion/promotion/effectIndex?buildingName=&currentPage=2&endTime=2017-08-30&startTime=2017-08-01 200 -
[pretang]::1 [2017-08-25T10:48:58.243Z]GET /module/3 200 -
[pretang]::1 [2017-08-25T10:48:59.659Z]GET /dist/img/load.png 404 -
[pretang]::1 [2017-08-25T10:48:59.718Z]GET /api/promotion/promotion/effectIndex?buildingName=&currentPage=2&endTime=2017-08-30&startTime=2017-08-01 200 -
[pretang]::1 [2017-08-25T10:50:11.909Z]GET /module/3 304 -
[pretang]::1 [2017-08-25T10:51:22.256Z]GET /dist/img/load.png 404 -
[pretang]::1 [2017-08-25T10:51:22.358Z]GET /api/promotion/promotion/effectIndex?buildingName=&currentPage=2&endTime=2017-08-30&startTime=2017-08-01 200 -
[pretang]::1 [2017-08-25T10:51:28.367Z]GET /dist/img/load.png 404 -
[pretang]::1 [2017-08-25T10:51:28.451Z]GET /api/promotion/promotion/effectIndex?buildingName=&currentPage=1&endTime=2017-08-30&startTime=2017-08-01 200 -
[pretang]::1 [2017-08-25T10:51:29.514Z]GET /dist/img/load.png 404 -
[pretang]::1 [2017-08-25T10:51:29.588Z]GET /api/promotion/promotion/effectIndex?buildingName=&currentPage=1&endTime=2017-08-30&startTime=2017-08-01 200 -
[pretang]::1 [2017-08-25T10:51:30.204Z]GET /dist/img/load.png 404 -
[pretang]::1 [2017-08-25T10:51:30.287Z]GET /api/promotion/promotion/effectIndex?buildingName=&currentPage=1&endTime=2017-08-30&startTime=2017-08-01 200 -
[pretang]::1 [2017-08-25T10:51:30.661Z]GET /dist/img/load.png 404 -
[pretang]::1 [2017-08-25T10:51:30.729Z]GET /api/promotion/promotion/effectIndex?buildingName=&currentPage=1&endTime=2017-08-30&startTime=2017-08-01 200 -
[pretang]::1 [2017-08-25T10:51:31.350Z]GET /dist/img/load.png 404 -
[pretang]::1 [2017-08-25T10:51:31.418Z]GET /api/promotion/promotion/effectIndex?buildingName=&currentPage=1&endTime=2017-08-30&startTime=2017-08-01 200 -
[pretang]::1 [2017-08-25T10:51:31.917Z]GET /dist/img/load.png 404 -
[pretang]::1 [2017-08-25T10:51:31.996Z]GET /api/promotion/promotion/effectIndex?buildingName=&currentPage=1&endTime=2017-08-30&startTime=2017-08-01 200 -
[pretang]::1 [2017-08-25T10:51:34.314Z]GET /dist/img/load.png 404 -
[pretang]::1 [2017-08-25T10:51:34.376Z]GET /api/promotion/promotion/effectIndex?buildingName=&currentPage=1&endTime=2017-08-30&startTime=2017-08-01 200 -
[pretang]::1 [2017-08-25T10:52:50.670Z]GET /module/3 200 -
[pretang]::1 [2017-08-25T10:52:51.783Z]GET /dist/img/load.png 404 -
[pretang]::1 [2017-08-25T10:52:51.854Z]GET /api/promotion/promotion/effectIndex?buildingName=&currentPage=2&endTime=2017-08-30&startTime=2017-08-01 200 -
[pretang]::1 [2017-08-25T10:52:56.677Z]GET /dist/img/load.png 404 -
[pretang]::1 [2017-08-25T10:52:56.751Z]GET /api/promotion/promotion/effectIndex?buildingName=&currentPage=1&endTime=2017-08-30&startTime=2017-08-01 200 -
[pretang]::1 [2017-08-25T10:53:19.117Z]GET /dist/img/load.png 404 -
[pretang]::1 [2017-08-25T10:53:19.138Z]GET /api/promotion/promotion/detailed?buildingId=3841 200 -
[pretang]::1 [2017-08-25T10:53:23.319Z]GET /dist/img/load.png 404 -
[pretang]::1 [2017-08-25T10:53:23.336Z]GET /api/promotion/promotion/detailed?buildingId=3926 200 -
[pretang]::1 [2017-08-25T10:53:25.471Z]GET /dist/img/load.png 404 -
[pretang]::1 [2017-08-25T10:53:25.481Z]GET /api/promotion/promotion/detailed?buildingId=3926 200 -
[pretang]::1 [2017-08-25T10:53:28.580Z]GET /dist/img/load.png 404 -
[pretang]::1 [2017-08-25T10:53:28.598Z]GET /api/promotion/promotion/detailed?buildingId=3926 200 -
[pretang]::1 [2017-08-25T10:53:30.518Z]GET /dist/img/load.png 404 -
[pretang]::1 [2017-08-25T10:53:30.541Z]GET /api/promotion/promotion/detailed?buildingId=3926 200 -
[pretang]::1 [2017-08-25T10:53:34.109Z]GET /dist/img/load.png 404 -
[pretang]::1 [2017-08-25T10:53:34.111Z]GET /api/promotion/promotion/detailed?buildingId=3926 200 -
[pretang]::1 [2017-08-25T10:53:38.747Z]GET /module/3 200 -
[pretang]::1 [2017-08-25T10:53:41.752Z]GET /dist/img/load.png 404 -
[pretang]::1 [2017-08-25T10:53:41.759Z]GET /api/promotion/promotion/detailed?buildingId=3926 200 -
[pretang]::1 [2017-08-25T10:54:16.536Z]GET /dist/img/load.png 404 -
[pretang]::1 [2017-08-25T10:54:18.113Z]GET /dist/img/load.png 404 -
[pretang]::1 [2017-08-25T10:54:44.678Z]GET /module/3 200 -
[pretang]::1 [2017-08-25T10:54:46.404Z]GET /dist/img/load.png 404 -
[pretang]::1 [2017-08-25T10:54:46.414Z]GET /api/promotion/promotion/detailed?buildingId=3166 200 -
[pretang]::1 [2017-08-25T10:54:55.001Z]GET /module/3 200 -
[pretang]::1 [2017-08-25T10:54:56.546Z]GET /dist/img/load.png 404 -
[pretang]::1 [2017-08-25T10:54:56.567Z]GET /api/promotion/promotion/detailed?buildingId=3166 200 -
[pretang]::1 [2017-08-25T10:55:17.937Z]GET /module/3 200 -
[pretang]::1 [2017-08-25T10:55:20.540Z]GET /dist/img/load.png 404 -
[pretang]::1 [2017-08-25T10:55:20.560Z]GET /api/promotion/promotion/detailed?buildingId=3166 200 -
[pretang]::1 [2017-08-25T10:55:21.797Z]GET /dist/img/load.png 404 -
[pretang]::1 [2017-08-25T10:56:32.822Z]GET /module/3 200 -
[pretang]::1 [2017-08-25T10:56:35.062Z]GET /module/3 304 -
[pretang]::1 [2017-08-25T10:56:36.452Z]GET /dist/img/load.png 404 -
[pretang]::1 [2017-08-25T10:56:36.458Z]GET /api/promotion/promotion/detailed?buildingId=3166 200 -
[pretang]::1 [2017-08-25T10:56:40.033Z]GET /dist/img/load.png 404 -
[pretang]::1 [2017-08-25T10:56:40.054Z]GET /api/promotion/promotion/detailed?buildingId=3584 200 -
[pretang]::1 [2017-08-25T11:04:33.107Z]GET /module/3 200 -
[pretang]::1 [2017-08-25T11:04:48.423Z]GET /module/3 200 -
[pretang]::1 [2017-08-25T11:05:27.031Z]GET /css/mybootstrap.min.css 304 -
[pretang]::1 [2017-08-25T11:05:27.031Z]GET /css/base.css 304 -
[pretang]::1 [2017-08-25T11:05:27.033Z]GET /js/jquery.min.js 304 -
[pretang]::1 [2017-08-25T11:05:27.033Z]GET /js/bootstrap.min.js 304 -
[pretang]::1 [2017-08-25T11:05:27.033Z]GET /js/vue.js 304 -
[pretang]::1 [2017-08-25T11:05:27.036Z]GET /js/md5.js 304 -
[pretang]::1 [2017-08-25T11:05:27.036Z]GET /js/base.js 304 -
[pretang]::1 [2017-08-25T11:05:27.036Z]GET /js/moment.js 304 -
[pretang]::1 [2017-08-25T11:05:27.037Z]GET /js/daterangepicker.js 304 -
[pretang]::1 [2017-08-25T11:05:27.075Z]GET /module/3 200 -
[pretang]::1 [2017-08-25T11:05:27.105Z]GET /img/icon.png 304 -
[pretang]::1 [2017-08-25T11:05:42.983Z]GET /module/3 200 -
[pretang]::1 [2017-08-25T11:05:44.544Z]GET /dist/img/load.png 404 -
[pretang]::1 [2017-08-25T11:05:44.580Z]GET /api/promotion/promotion/effectIndex?buildingName=%E5%90%8D%E8%91%97&currentPage=1&endTime=2017-08-30&startTime=2017-08-01 200 -
[pretang]::1 [2017-08-25T11:08:02.111Z]GET /module/3 200 -
[pretang]::1 [2017-08-25T11:08:05.494Z]GET /module/3 304 -
[pretang]::1 [2017-08-25T11:08:07.669Z]GET /dist/img/load.png 404 -
[pretang]::1 [2017-08-25T11:08:07.691Z]GET /api/promotion/promotion/effectIndex?buildingName=%E6%98%93%E4%B8%AD%E5%BF%83&currentPage=1&endTime=2017-08-30&startTime=2017-08-01 200 -
[pretang]::1 [2017-08-25T11:08:39.631Z]GET /module/3 200 -
[pretang]::1 [2017-08-25T11:08:40.498Z]GET /dist/img/load.png 404 -
[pretang]::1 [2017-08-25T11:08:40.546Z]GET /api/promotion/promotion/effectIndex?buildingName=&currentPage=1&endTime=2017-08-24+&startTime=2017-08-24+ 200 -
[pretang]::1 [2017-08-25T11:08:41.688Z]GET /dist/img/load.png 404 -
[pretang]::1 [2017-08-25T11:08:41.770Z]GET /api/promotion/promotion/effectIndex?buildingName=&currentPage=1&endTime=2017-08-25&startTime=2017-08-18 200 -
[pretang]::1 [2017-08-25T11:08:42.745Z]GET /dist/img/load.png 404 -
[pretang]::1 [2017-08-25T11:08:42.799Z]GET /api/promotion/promotion/effectIndex?buildingName=&currentPage=1&endTime=2017-08-24+&startTime=2017-08-24+ 200 -
